[uap-dev] 2020-04-09 09:29:05,202 |- INFO  [main] com.dili.UapApplication [655] -| The following profiles are active: dev
[uap-dev] 2020-04-09 09:29:10,311 |- INFO  [main] org.reflections.Reflections [232] -| Reflections took 274 ms to scan 8 urls, producing 176 keys and 736 values 
[uap-dev] 2020-04-09 09:29:11,572 |- INFO  [main] org.springframework.data.repository.config.RepositoryConfigurationDelegate [249] -| Multiple Spring Data modules found, entering strict repository configuration mode!
[uap-dev] 2020-04-09 09:29:11,578 |- INFO  [main] org.springframework.data.repository.config.RepositoryConfigurationDelegate [127] -| Bootstrapping Spring Data Redis repositories in DEFAULT mode.
[uap-dev] 2020-04-09 09:29:11,884 |- INFO  [main] org.springframework.data.repository.config.RepositoryConfigurationDelegate [187] -| Finished Spring Data repository scanning in 285ms. Found 0 Redis repository interfaces.
[uap-dev] 2020-04-09 09:29:12,222 |- WARN  [main] org.mybatis.spring.mapper.ClassPathMapperScanner [166] -| No MyBatis mapper was found in '[com.dili]' package. Please check your configuration.
[uap-dev] 2020-04-09 09:29:12,395 |- INFO  [main] org.springframework.cloud.context.scope.GenericScope [295] -| BeanFactory id=ce549380-133a-3811-a193-a356bbcb0fc9
[uap-dev] 2020-04-09 09:29:13,386 |- INFO  [main] org.springframework.context.support.PostProcessorRegistrationDelegate$BeanPostProcessorChecker [330] -| Bean 'org.springframework.transaction.annotation.ProxyTransactionManagementConfiguration' of type [org.springframework.transaction.annotation.ProxyTransactionManagementConfiguration] is not eligible for getting processed by all BeanPostProcessors (for example: not eligible for auto-proxying)
[uap-dev] 2020-04-09 09:29:13,968 |- INFO  [main] org.springframework.context.support.PostProcessorRegistrationDelegate$BeanPostProcessorChecker [330] -| Bean 'org.springframework.cloud.autoconfigure.ConfigurationPropertiesRebinderAutoConfiguration' of type [org.springframework.cloud.autoconfigure.ConfigurationPropertiesRebinderAutoConfiguration] is not eligible for getting processed by all BeanPostProcessors (for example: not eligible for auto-proxying)
[uap-dev] 2020-04-09 09:29:14,837 |- INFO  [main] org.springframework.boot.web.embedded.tomcat.TomcatWebServer [92] -| Tomcat initialized with port(s): 80 (http)
[uap-dev] 2020-04-09 09:29:14,853 |- INFO  [main] org.apache.coyote.http11.Http11NioProtocol [173] -| Initializing ProtocolHandler ["http-nio-80"]
[uap-dev] 2020-04-09 09:29:14,855 |- INFO  [main] org.apache.catalina.core.StandardService [173] -| Starting service [Tomcat]
[uap-dev] 2020-04-09 09:29:14,855 |- INFO  [main] org.apache.catalina.core.StandardEngine [173] -| Starting Servlet engine: [Apache Tomcat/9.0.30]
[uap-dev] 2020-04-09 09:29:15,055 |- INFO  [main] org.apache.catalina.core.ContainerBase.[Tomcat].[localhost].[/] [173] -| Initializing Spring embedded WebApplicationContext
[uap-dev] 2020-04-09 09:29:15,056 |- INFO  [main] org.springframework.web.context.ContextLoader [284] -| Root WebApplicationContext: initialization completed in 9741 ms
[uap-dev] 2020-04-09 09:29:16,188 |- INFO  [main] com.alibaba.druid.spring.boot.autoconfigure.DruidDataSourceAutoConfigure [56] -| Init DruidDataSource
[uap-dev] 2020-04-09 09:29:16,996 |- INFO  [main] com.alibaba.druid.pool.DruidDataSource [1003] -| {dataSource-1} inited
[uap-dev] 2020-04-09 09:29:22,237 |- WARN  [main] org.beetl.ext.spring.BeetlSpringViewResolver [200] -| Beetl不建议使用使用spring前缀，会导致include,layout找不到对应的模板，请使用beetl的配置RESOURCE.ROOT来配置模板根目录
[uap-dev] 2020-04-09 09:29:23,018 |- INFO  [main] org.springframework.scheduling.concurrent.ThreadPoolTaskExecutor [171] -| Initializing ExecutorService 'applicationTaskExecutor'
[uap-dev] 2020-04-09 09:29:23,429 |- INFO  [main] tk.mybatis.mapper.autoconfigure.MapperCacheDisabler [60] -| Clear tk.mybatis.mapper.util.MsUtil CLASS_CACHE cache.
[uap-dev] 2020-04-09 09:29:23,431 |- INFO  [main] tk.mybatis.mapper.autoconfigure.MapperCacheDisabler [60] -| Clear tk.mybatis.mapper.genid.GenIdUtil CACHE cache.
[uap-dev] 2020-04-09 09:29:23,434 |- INFO  [main] tk.mybatis.mapper.autoconfigure.MapperCacheDisabler [60] -| Clear tk.mybatis.mapper.version.VersionUtil CACHE cache.
[uap-dev] 2020-04-09 09:29:23,435 |- INFO  [main] tk.mybatis.mapper.autoconfigure.MapperCacheDisabler [83] -| Clear EntityHelper entityTableMap cache.
[uap-dev] 2020-04-09 09:29:24,197 |- INFO  [main] org.springframework.amqp.rabbit.connection.CachingConnectionFactory [524] -| Attempting to connect to: [10.28.12.214:5672]
[uap-dev] 2020-04-09 09:29:24,396 |- INFO  [main] org.springframework.amqp.rabbit.connection.CachingConnectionFactory [497] -| Created new connection: rabbitConnectionFactory#1c7aa676:0/SimpleConnection@19640d53 [delegate=amqp://admin@10.28.12.214:5672/, localPort= 56561]
[uap-dev] 2020-04-09 09:29:24,533 |- WARN  [org.springframework.amqp.rabbit.RabbitListenerEndpointContainer#0-2] org.springframework.amqp.support.converter.Jackson2JsonMessageConverter [263] -| Could not convert incoming message with content-type [text/plain], 'json' keyword missing.
[uap-dev] 2020-04-09 09:29:24,533 |- WARN  [org.springframework.amqp.rabbit.RabbitListenerEndpointContainer#0-1] org.springframework.amqp.support.converter.Jackson2JsonMessageConverter [263] -| Could not convert incoming message with content-type [text/plain], 'json' keyword missing.
[uap-dev] 2020-04-09 09:29:24,533 |- WARN  [org.springframework.amqp.rabbit.RabbitListenerEndpointContainer#0-3] org.springframework.amqp.support.converter.Jackson2JsonMessageConverter [263] -| Could not convert incoming message with content-type [text/plain], 'json' keyword missing.
[uap-dev] 2020-04-09 09:29:24,539 |- WARN  [org.springframework.amqp.rabbit.RabbitListenerEndpointContainer#1-1] org.springframework.amqp.support.converter.Jackson2JsonMessageConverter [263] -| Could not convert incoming message with content-type [text/plain], 'json' keyword missing.
[uap-dev] 2020-04-09 09:29:24,539 |- WARN  [org.springframework.amqp.rabbit.RabbitListenerEndpointContainer#1-3] org.springframework.amqp.support.converter.Jackson2JsonMessageConverter [263] -| Could not convert incoming message with content-type [text/plain], 'json' keyword missing.
[uap-dev] 2020-04-09 09:29:24,542 |- INFO  [org.springframework.amqp.rabbit.RabbitListenerEndpointContainer#1-1] com.dili.uap.component.UserListener [31] -| 收到消息: (Body:'0M/sT5qJW1Zzfxd7y2yn4QRR1m5ZyyXycmrPO+PNg0KI07jVS8CoSssRwh5ouYdARXGnBlN/NSIaGFkXIwI33JN87O/K9yw4efMseMlO6JKWH/2OF7BZzsKvwvIWFqFCWOTcVobrTBlwoGp1POjHy1tzhKEaz4A8w7VAr2/x8SVvhF0wojT6IE2bMX+fZojG' MessageProperties [headers={}, contentType=text/plain, contentEncoding=UTF-8, contentLength=0, receivedDeliveryMode=PERSISTENT, priority=0, redelivered=true, receivedExchange=diligrp.uap.topicExchange, receivedRoutingKey=diligrp.uap.addUserKey, deliveryTag=1, consumerTag=amq.ctag-luubRykeM7t5u2h0YDjKAA, consumerQueue=uap.addUser.queue])
[uap-dev] 2020-04-09 09:29:24,542 |- INFO  [org.springframework.amqp.rabbit.RabbitListenerEndpointContainer#0-3] com.dili.uap.component.UserListener [48] -| 收到消息: (Body:'ZgUri6b430VLrWJE96fXXw/PNeUgGdcnw8qRtH91OJZYZSqoX8wFFIYtyTU/WG52bPn8+8bVC9a6WeI87m85K8YFJgw92KcTKos08SfaevmD1I3ob1S8MVT0JmnUnUmxsg/WXUXLf9zbOS+aIDTMAbh/paJbTn2TGDPzkCVudpbQ4FLEB53wkM2moZdB8jTN' MessageProperties [headers={}, contentType=text/plain, contentEncoding=UTF-8, contentLength=0, receivedDeliveryMode=PERSISTENT, priority=0, redelivered=true, receivedExchange=diligrp.uap.topicExchange, receivedRoutingKey=diligrp.uap.changePasswordKey, deliveryTag=1, consumerTag=amq.ctag-HCxY_ZORGEcOjm5O0CAKdQ, consumerQueue=uap.changePassword.queue])
[uap-dev] 2020-04-09 09:29:24,542 |- INFO  [org.springframework.amqp.rabbit.RabbitListenerEndpointContainer#0-2] com.dili.uap.component.UserListener [48] -| 收到消息: (Body:'ZgUri6b430VLrWJE96fXX/08urGMuXl21TIGV+3v6i0U+kJwgeyjjN/yNI2ZF2ZwBP4mWeDfZnNQqXi5IpkvUTQbHFL7VVuBYVztEHXjyEooA0weTpI07H6xIRnjqdKthlABlFBVSDOBBz6pDcBK95YBt5Ez6ymssY38l5oBGULMAYmXxYtHJf16VCmJjyTg' MessageProperties [headers={}, contentType=text/plain, contentEncoding=UTF-8, contentLength=0, receivedDeliveryMode=PERSISTENT, priority=0, redelivered=true, receivedExchange=diligrp.uap.topicExchange, receivedRoutingKey=diligrp.uap.changePasswordKey, deliveryTag=1, consumerTag=amq.ctag-Ou4cGh3xVsW0yTaVVgaFrQ, consumerQueue=uap.changePassword.queue])
[uap-dev] 2020-04-09 09:29:24,542 |- INFO  [org.springframework.amqp.rabbit.RabbitListenerEndpointContainer#1-3] com.dili.uap.component.UserListener [31] -| 收到消息: (Body:'qDXCG8+Qf54vTdInzNN7DFjwfemNgTdCA3H1HbteeHBoIeiYoiwqOtfY14ZM6hKa2B8V2+MiTT5ayTakEb5FQMxqHN42Y8fQCIGc1hK3ZU3AtWYnpTwpB+kcJTXbFdEAM4ffL0jpyMvA9OPVH0qzu5VcbOLdSINKHR0zRcomstzbXy2qzkENp2j3RxagmGb3' MessageProperties [headers={}, contentType=text/plain, contentEncoding=UTF-8, contentLength=0, receivedDeliveryMode=PERSISTENT, priority=0, redelivered=true, receivedExchange=diligrp.uap.topicExchange, receivedRoutingKey=diligrp.uap.addUserKey, deliveryTag=1, consumerTag=amq.ctag-n4aHZ85vA82sgcRgliGlNg, consumerQueue=uap.addUser.queue])
[uap-dev] 2020-04-09 09:29:24,542 |- INFO  [org.springframework.amqp.rabbit.RabbitListenerEndpointContainer#0-1] com.dili.uap.component.UserListener [48] -| 收到消息: (Body:'ZgUri6b430VLrWJE96fXX3MnsyO/HkJ/paKrZfIVT8xYZSqoX8wFFIYtyTU/WG52+MDeEK5q/sgvhOxSC6weWZCNBGdM9ODTt1ET3+vms5mD1I3ob1S8MVT0JmnUnUmxLwk69MKbsJtalbWSl10VA6sKiMr6hMq1e3fh82gkgEbdciBUkxlTRXnbJMldfHqa' MessageProperties [headers={}, contentType=text/plain, contentEncoding=UTF-8, contentLength=0, receivedDeliveryMode=PERSISTENT, priority=0, redelivered=true, receivedExchange=diligrp.uap.topicExchange, receivedRoutingKey=diligrp.uap.changePasswordKey, deliveryTag=1, consumerTag=amq.ctag-OJxJiXBlntVvfcbHKRmI6A, consumerQueue=uap.changePassword.queue])
[uap-dev] 2020-04-09 09:29:24,543 |- WARN  [org.springframework.amqp.rabbit.RabbitListenerEndpointContainer#1-2] org.springframework.amqp.support.converter.Jackson2JsonMessageConverter [263] -| Could not convert incoming message with content-type [text/plain], 'json' keyword missing.
[uap-dev] 2020-04-09 09:29:24,545 |- INFO  [org.springframework.amqp.rabbit.RabbitListenerEndpointContainer#1-2] com.dili.uap.component.UserListener [31] -| 收到消息: (Body:'Gwfo90GmSN/noyOsuEAF0oB+HxQvuDT137DFUmLK3iZxWCsytlPpd05Lqf54cCGIhaiyRHfge1mGHepde+LBPifOcCD71qJYx5MV6I/lm8urMVebRUnvm4XFEtOJsBjW6RgGggKKMZJ+MHesI5m0yh4bRZEWLb9xwLBNtCPiSoKtp+y1VQWkljWZgs/eyRjt' MessageProperties [headers={}, contentType=text/plain, contentEncoding=UTF-8, contentLength=0, receivedDeliveryMode=PERSISTENT, priority=0, redelivered=true, receivedExchange=diligrp.uap.topicExchange, receivedRoutingKey=diligrp.uap.addUserKey, deliveryTag=1, consumerTag=amq.ctag-trLsUJdiHKNFvUbwxLGOXA, consumerQueue=uap.addUser.queue])
[uap-dev] 2020-04-09 09:29:24,602 |- INFO  [org.springframework.amqp.rabbit.RabbitListenerEndpointContainer#0-1] com.dili.uap.component.UserListener [52] -| 消息解密: {"confirmPassword":"asdfasdf","metadata":{},"newPassword":"asdfasdf","oldPassword":"123456","password":"D89F3C8348AFD5C77C","userName":"wm"}
[uap-dev] 2020-04-09 09:29:24,602 |- INFO  [org.springframework.amqp.rabbit.RabbitListenerEndpointContainer#1-1] com.dili.uap.component.UserListener [35] -| 消息解密: {"cellphone":"18111111111","email":"wangmi1@diligrp.com","metadata":{},"password":"3949BA59ABBE56E057","realName":"王宓","userName":"wm"}
[uap-dev] 2020-04-09 09:29:24,602 |- INFO  [org.springframework.amqp.rabbit.RabbitListenerEndpointContainer#0-2] com.dili.uap.component.UserListener [52] -| 消息解密: {"confirmPassword":"123123","metadata":{},"newPassword":"123123","oldPassword":"123456","password":"4B13955235245B2497","userName":"clf_hzsc"}
[uap-dev] 2020-04-09 09:29:24,602 |- INFO  [org.springframework.amqp.rabbit.RabbitListenerEndpointContainer#1-3] com.dili.uap.component.UserListener [35] -| 消息解密: {"cellphone":"17898965868","email":"hongbo@diligrp.com","metadata":{},"password":"3949BA59ABBE56E057","realName":"洪波","userName":"hongbo"}
[uap-dev] 2020-04-09 09:29:24,602 |- INFO  [org.springframework.amqp.rabbit.RabbitListenerEndpointContainer#0-3] com.dili.uap.component.UserListener [52] -| 消息解密: {"confirmPassword":"lijun001","metadata":{},"newPassword":"lijun001","oldPassword":"123456","password":"938C52F309B9D2A6B7","userName":"lijun"}
[uap-dev] 2020-04-09 09:29:24,603 |- INFO  [org.springframework.amqp.rabbit.RabbitListenerEndpointContainer#1-2] com.dili.uap.component.UserListener [35] -| 消息解密: {"cellphone":"13512345678","email":"lijun@diligrp.com","metadata":{},"password":"3949BA59ABBE56E057","realName":"李俊","userName":"lijun"}
[uap-dev] 2020-04-09 09:29:24,892 |- DEBUG [main] com.dili.uap.dao.UserMapper.selectByExampleExpand [159] -| ==>  Preparing: SELECT `card_number`,`cellphone`,`created`,`department_id`,`description`,`email`,`firm_code`,`id`,`locked`,`modified`,`password`,`position`,`real_name`,`serial_number`,`state`,`user_name` FROM `user` WHERE ( ( `state` = 2 ) ) 
[uap-dev] 2020-04-09 09:29:25,288 |- DEBUG [main] com.dili.uap.dao.UserMapper.selectByExampleExpand [159] -| ==> Parameters: 
[uap-dev] 2020-04-09 09:29:25,343 |- DEBUG [main] com.dili.uap.dao.UserMapper.selectByExampleExpand [159] -| <==      Total: 0
[uap-dev] 2020-04-09 09:29:25,347 |- INFO  [main] org.apache.coyote.http11.Http11NioProtocol [173] -| Starting ProtocolHandler ["http-nio-80"]
[uap-dev] 2020-04-09 09:29:25,401 |- INFO  [main] org.springframework.boot.web.embedded.tomcat.TomcatWebServer [204] -| Tomcat started on port(s): 80 (http) with context path ''
[uap-dev] 2020-04-09 09:29:25,405 |- INFO  [main] com.dili.UapApplication [61] -| Started UapApplication in 22.499 seconds (JVM running for 23.344)
[uap-dev] 2020-04-09 09:30:11,578 |- INFO  [http-nio-80-exec-2] org.apache.catalina.core.ContainerBase.[Tomcat].[localhost].[/] [173] -| Initializing Spring DispatcherServlet 'dispatcherServlet'
[uap-dev] 2020-04-09 09:30:11,579 |- INFO  [http-nio-80-exec-2] org.springframework.web.servlet.DispatcherServlet [525] -| Initializing Servlet 'dispatcherServlet'
[uap-dev] 2020-04-09 09:30:11,592 |- INFO  [http-nio-80-exec-2] org.springframework.web.servlet.DispatcherServlet [547] -| Completed initialization in 13 ms
[uap-dev] 2020-04-09 09:30:14,007 |- DEBUG [http-nio-80-exec-9] com.dili.uap.dao.UserMapper.selectOne [159] -| ==>  Preparing: SELECT `card_number`,`cellphone`,`created`,`department_id`,`description`,`email`,`firm_code`,`id`,`locked`,`modified`,`password`,`position`,`real_name`,`serial_number`,`state`,`user_name` FROM `user` WHERE `user_name` = ? 
[uap-dev] 2020-04-09 09:30:14,010 |- DEBUG [http-nio-80-exec-9] com.dili.uap.dao.UserMapper.selectOne [159] -| ==> Parameters: wangmi(String)
[uap-dev] 2020-04-09 09:30:14,018 |- DEBUG [http-nio-80-exec-9] com.dili.uap.dao.UserMapper.selectOne [159] -| <==      Total: 1
[uap-dev] 2020-04-09 09:30:14,406 |- INFO  [http-nio-80-exec-9] io.lettuce.core.EpollProvider [68] -| Starting without optional epoll library
[uap-dev] 2020-04-09 09:30:14,408 |- INFO  [http-nio-80-exec-9] io.lettuce.core.KqueueProvider [70] -| Starting without optional kqueue library
[uap-dev] 2020-04-09 09:30:15,208 |- DEBUG [http-nio-80-exec-9] com.dili.uap.dao.SystemMapper.listByUserId [159] -| ==>  Preparing: select distinct s.id, s.code, s.name, s.url, s.icon_url, s.logo_url, s.type, s.order_number, s.index_url, s.description, s.is_client from systems s, menu m, user_role ur, role_menu rm where m.system_id = s.id and m.id = rm.menu_id and rm.role_id = ur.role_id and ur.user_id = ? order by s.order_number asc 
[uap-dev] 2020-04-09 09:30:15,215 |- DEBUG [http-nio-80-exec-9] com.dili.uap.dao.SystemMapper.listByUserId [159] -| ==> Parameters: 15(Long)
[uap-dev] 2020-04-09 09:30:15,230 |- DEBUG [http-nio-80-exec-9] com.dili.uap.dao.SystemMapper.listByUserId [159] -| <==      Total: 7
[uap-dev] 2020-04-09 09:30:15,268 |- DEBUG [http-nio-80-exec-9] com.dili.uap.dao.MenuMapper.listByUserAndSystemId [159] -| ==>  Preparing: SELECT DISTINCT m.id ,m.parent_id ,m.system_id ,m.order_number ,m.url ,m.`name` ,m.description ,m.target ,m.created ,m.modified ,m.icon_cls ,m.`type` ,m.`shortcut` from menu m, role_menu rm, user_role ur where m.id = rm.menu_id and rm.role_id = ur.role_id and ur.user_id = ? union all select DISTINCT m.id ,m.parent_id ,m.system_id ,m.order_number ,m.url ,m.`name` ,m.description ,m.target ,m.created ,m.modified ,m.icon_cls ,m.`type` ,m.`shortcut` from user_role ur, role_resource rr, resource_link rl, resource r, menu m where ur.role_id = rr.role_id and rr.resource_id = r.id and r.code = rl.resource_code and rl.menu_id = m.id and ur.user_id = ? 
[uap-dev] 2020-04-09 09:30:15,274 |- DEBUG [http-nio-80-exec-9] com.dili.uap.dao.MenuMapper.listByUserAndSystemId [159] -| ==> Parameters: 15(Long), 15(Long)
[uap-dev] 2020-04-09 09:30:15,355 |- DEBUG [http-nio-80-exec-9] com.dili.uap.dao.MenuMapper.listByUserAndSystemId [159] -| <==      Total: 149
[uap-dev] 2020-04-09 09:30:15,372 |- DEBUG [http-nio-80-exec-9] com.dili.uap.dao.ResourceMapper.listByUserId [159] -| ==>  Preparing: SELECT r.id, r.`code`, r.created, r.description, r.menu_id, r.`name` FROM role_resource rr, resource r, user_role ur where rr.role_id = ur.role_id and rr.resource_id = r.id and ur.user_id = ? 
[uap-dev] 2020-04-09 09:30:15,373 |- DEBUG [http-nio-80-exec-9] com.dili.uap.dao.ResourceMapper.listByUserId [159] -| ==> Parameters: 15(Long)
[uap-dev] 2020-04-09 09:30:15,396 |- DEBUG [http-nio-80-exec-9] com.dili.uap.dao.ResourceMapper.listByUserId [159] -| <==      Total: 211
[uap-dev] 2020-04-09 09:30:15,414 |- DEBUG [http-nio-80-exec-9] com.dili.uap.dao.UserDataAuthMapper.select [159] -| ==>  Preparing: SELECT `id`,`ref_code`,`user_id`,`value` FROM `user_data_auth` WHERE `user_id` = ? 
[uap-dev] 2020-04-09 09:30:15,415 |- DEBUG [http-nio-80-exec-9] com.dili.uap.dao.UserDataAuthMapper.select [159] -| ==> Parameters: 15(Long)
[uap-dev] 2020-04-09 09:30:15,427 |- DEBUG [http-nio-80-exec-9] com.dili.uap.dao.UserDataAuthMapper.select [159] -| <==      Total: 20
[uap-dev] 2020-04-09 09:30:15,487 |- INFO  [http-nio-80-exec-9] com.dili.uap.service.impl.LoginServiceImpl [240] -| 用户登录成功，用户名[wangmi] | 用户IP[127.0.0.1]
[uap-dev] 2020-04-09 09:30:15,490 |- DEBUG [http-nio-80-exec-9] com.dili.uap.dao.FirmMapper.selectOne [159] -| ==>  Preparing: SELECT `code`,`created`,`description`,`id`,`modified`,`name`,`parent_id` FROM `firm` WHERE `code` = ? 
[uap-dev] 2020-04-09 09:30:15,491 |- DEBUG [http-nio-80-exec-9] com.dili.uap.dao.FirmMapper.selectOne [159] -| ==> Parameters: group(String)
[uap-dev] 2020-04-09 09:30:15,493 |- DEBUG [http-nio-80-exec-9] com.dili.uap.dao.FirmMapper.selectOne [159] -| <==      Total: 1
[uap-dev] 2020-04-09 09:30:15,556 |- DEBUG [http-nio-80-exec-9] com.dili.uap.service.impl.LoginServiceImpl [390] -| --- Save Session Data To Redis ---
[uap-dev] 2020-04-09 09:30:15,568 |- DEBUG [http-nio-80-exec-9] com.dili.uap.service.impl.LoginServiceImpl [400] -| UserName: wangmi | SessionId:106045ec-c3f6-4620-9c28-013d98dc05f7 | SessionData:{UAP_common:loggedUser={"cellphone":"18108087570","created":1528940395000,"email":"wangmi@diligrp.com","firmCode":"group","firmId":1,"firmName":"集团","id":15,"locked":1585216103000,"modified":1586331219000,"password":"178591FD5BB0C24851","position":"","realName":"王宓","serialNumber":"000","state":1,"userName":"wangmi"}}
[uap-dev] 2020-04-09 09:30:15,581 |- INFO  [http-nio-80-exec-9] com.dili.uap.filter.PerformanceLogFilter [67] -| 1588 millions to process request:[/login/login.action Param Map:{"userName":["wangmi"],"password":["asdf1234"]}
[uap-dev] 2020-04-09 09:30:15,581 |- DEBUG [Thread-5] com.dili.uap.dao.SystemMapper.selectByExampleExpand [159] -| ==>  Preparing: SELECT `code`,`created`,`description`,`firm_code`,`icon_url`,`id`,`index_url`,`is_client`,`logo_url`,`modified`,`name`,`order_number`,`parent_id`,`type`,`url` FROM `systems` WHERE ( ( `code` = 'UAP' ) ) 
[uap-dev] 2020-04-09 09:30:15,585 |- DEBUG [Thread-5] com.dili.uap.dao.SystemMapper.selectByExampleExpand [159] -| ==> Parameters: 
[uap-dev] 2020-04-09 09:30:15,587 |- DEBUG [Thread-5] com.dili.uap.dao.SystemMapper.selectByExampleExpand [159] -| <==      Total: 1
[uap-dev] 2020-04-09 09:30:15,620 |- DEBUG [Thread-5] com.dili.uap.dao.LoginLogMapper.insertSelective [159] -| ==>  Preparing: INSERT INTO `login_log` ( `firm_code`,`host`,`id`,`ip`,`msg`,`success`,`system_code`,`system_name`,`type`,`user_id` ) VALUES( ?,?,?,?,?,?,?,?,?,? ) 
[uap-dev] 2020-04-09 09:30:15,650 |- DEBUG [http-nio-80-exec-10] com.dili.uap.dao.UserMapper.selectByPrimaryKey [159] -| ==>  Preparing: SELECT `card_number`,`cellphone`,`created`,`department_id`,`description`,`email`,`firm_code`,`id`,`locked`,`modified`,`password`,`position`,`real_name`,`serial_number`,`state`,`user_name` FROM `user` WHERE `id` = ? 
[uap-dev] 2020-04-09 09:30:15,652 |- DEBUG [http-nio-80-exec-10] com.dili.uap.dao.UserMapper.selectByPrimaryKey [159] -| ==> Parameters: 15(Long)
[uap-dev] 2020-04-09 09:30:15,655 |- DEBUG [http-nio-80-exec-10] com.dili.uap.dao.UserMapper.selectByPrimaryKey [159] -| <==      Total: 1
[uap-dev] 2020-04-09 09:30:15,658 |- DEBUG [http-nio-80-exec-10] com.dili.uap.dao.SystemMapper.selectByExampleExpand [159] -| ==>  Preparing: SELECT `code`,`created`,`description`,`firm_code`,`icon_url`,`id`,`index_url`,`is_client`,`logo_url`,`modified`,`name`,`order_number`,`parent_id`,`type`,`url` FROM `systems` WHERE ( ( `code` = 'UAP' ) ) 
[uap-dev] 2020-04-09 09:30:15,660 |- DEBUG [http-nio-80-exec-10] com.dili.uap.dao.SystemMapper.selectByExampleExpand [159] -| ==> Parameters: 
[uap-dev] 2020-04-09 09:30:15,663 |- DEBUG [http-nio-80-exec-10] com.dili.uap.dao.SystemMapper.selectByExampleExpand [159] -| <==      Total: 1
[uap-dev] 2020-04-09 09:30:15,702 |- DEBUG [Thread-5] com.dili.uap.dao.LoginLogMapper.insertSelective [159] -| ==> Parameters: group(String), 127.0.0.1(String), null, 127.0.0.1(String), 登录成功(String), 1(Integer), UAP(String), 智慧农批经营管理平台(String), 1(Integer), 15(Long)
[uap-dev] 2020-04-09 09:30:15,705 |- DEBUG [Thread-5] com.dili.uap.dao.LoginLogMapper.insertSelective [159] -| <==    Updates: 1
[uap-dev] 2020-04-09 09:30:15,715 |- DEBUG [Thread-5] com.dili.uap.dao.LoginLogMapper.insertSelective!selectKey [159] -| ==>  Executing: SELECT LAST_INSERT_ID() 
[uap-dev] 2020-04-09 09:30:15,725 |- DEBUG [Thread-5] com.dili.uap.dao.LoginLogMapper.insertSelective!selectKey [159] -| <==      Total: 1
[uap-dev] 2020-04-09 09:30:16,055 |- DEBUG [http-nio-80-exec-10] com.dili.uap.dao.SystemMapper.listByUserId [159] -| ==>  Preparing: select distinct s.id, s.code, s.name, s.url, s.icon_url, s.logo_url, s.type, s.order_number, s.index_url, s.description, s.is_client from systems s, menu m, user_role ur, role_menu rm where m.system_id = s.id and m.id = rm.menu_id and rm.role_id = ur.role_id and ur.user_id = ? order by s.order_number asc 
[uap-dev] 2020-04-09 09:30:16,056 |- DEBUG [http-nio-80-exec-10] com.dili.uap.dao.SystemMapper.listByUserId [159] -| ==> Parameters: 15(Long)
[uap-dev] 2020-04-09 09:30:16,072 |- DEBUG [http-nio-80-exec-10] com.dili.uap.dao.SystemMapper.listByUserId [159] -| <==      Total: 7
[uap-dev] 2020-04-09 09:30:16,200 |- INFO  [http-nio-80-exec-10] com.dili.uap.filter.PerformanceLogFilter [67] -| 608 millions to process request:[/index/index.html Param Map:{}
[uap-dev] 2020-04-09 09:30:16,476 |- ERROR [http-nio-80-exec-1] com.dili.ss.mvc.controller.MainsiteErrorController [51] -| {"code":"404","message":"Requested path /favicon.ico with result No message available","result":"Requested path /favicon.ico with result No message available","success":false}
[uap-dev] 2020-04-09 09:30:16,510 |- DEBUG [http-nio-80-exec-2] com.dili.uap.dao.SystemMapper.listByUserId [159] -| ==>  Preparing: select distinct s.id, s.code, s.name, s.url, s.icon_url, s.logo_url, s.type, s.order_number, s.index_url, s.description, s.is_client from systems s, menu m, user_role ur, role_menu rm where m.system_id = s.id and m.id = rm.menu_id and rm.role_id = ur.role_id and ur.user_id = ? order by s.order_number asc 
[uap-dev] 2020-04-09 09:30:16,511 |- DEBUG [http-nio-80-exec-2] com.dili.uap.dao.SystemMapper.listByUserId [159] -| ==> Parameters: 15(Long)
[uap-dev] 2020-04-09 09:30:16,524 |- DEBUG [http-nio-80-exec-2] com.dili.uap.dao.SystemMapper.listByUserId [159] -| <==      Total: 7
[uap-dev] 2020-04-09 09:30:16,525 |- DEBUG [http-nio-80-exec-2] com.dili.uap.dao.UserMapper.selectByPrimaryKey [159] -| ==>  Preparing: SELECT `card_number`,`cellphone`,`created`,`department_id`,`description`,`email`,`firm_code`,`id`,`locked`,`modified`,`password`,`position`,`real_name`,`serial_number`,`state`,`user_name` FROM `user` WHERE `id` = ? 
[uap-dev] 2020-04-09 09:30:16,526 |- DEBUG [http-nio-80-exec-2] com.dili.uap.dao.UserMapper.selectByPrimaryKey [159] -| ==> Parameters: 15(Long)
[uap-dev] 2020-04-09 09:30:16,529 |- DEBUG [http-nio-80-exec-2] com.dili.uap.dao.UserMapper.selectByPrimaryKey [159] -| <==      Total: 1
[uap-dev] 2020-04-09 09:30:17,914 |- DEBUG [http-nio-80-exec-3] com.dili.uap.dao.UserMapper.selectByPrimaryKey [159] -| ==>  Preparing: SELECT `card_number`,`cellphone`,`created`,`department_id`,`description`,`email`,`firm_code`,`id`,`locked`,`modified`,`password`,`position`,`real_name`,`serial_number`,`state`,`user_name` FROM `user` WHERE `id` = ? 
[uap-dev] 2020-04-09 09:30:17,914 |- DEBUG [http-nio-80-exec-3] com.dili.uap.dao.UserMapper.selectByPrimaryKey [159] -| ==> Parameters: 15(Long)
[uap-dev] 2020-04-09 09:30:17,917 |- DEBUG [http-nio-80-exec-3] com.dili.uap.dao.UserMapper.selectByPrimaryKey [159] -| <==      Total: 1
[uap-dev] 2020-04-09 09:30:17,928 |- DEBUG [http-nio-80-exec-3] com.dili.uap.dao.SystemMapper.listByUserId [159] -| ==>  Preparing: select distinct s.id, s.code, s.name, s.url, s.icon_url, s.logo_url, s.type, s.order_number, s.index_url, s.description, s.is_client from systems s, menu m, user_role ur, role_menu rm where m.system_id = s.id and m.id = rm.menu_id and rm.role_id = ur.role_id and ur.user_id = ? order by s.order_number asc 
[uap-dev] 2020-04-09 09:30:17,929 |- DEBUG [http-nio-80-exec-3] com.dili.uap.dao.SystemMapper.listByUserId [159] -| ==> Parameters: 15(Long)
[uap-dev] 2020-04-09 09:30:17,940 |- DEBUG [http-nio-80-exec-3] com.dili.uap.dao.SystemMapper.listByUserId [159] -| <==      Total: 7
[uap-dev] 2020-04-09 09:30:18,311 |- DEBUG [http-nio-80-exec-4] com.dili.uap.dao.MenuMapper.listDirAndLinksByUserId [159] -| ==>  Preparing: SELECT DISTINCT m.id ,m.parent_id ,m.system_id ,m.order_number ,m.url ,m.`name` ,m.description ,m.target ,m.created ,m.modified ,m.icon_cls ,m.`type` ,m.`shortcut` from menu m, role_menu rm, user_role ur, `systems` s where m.id = rm.menu_id and rm.role_id = ur.role_id and m.system_id = s.id and ur.user_id = ? and s.code=? and (m.`type` = 0 or m.`type` = 1) order by m.order_number 
[uap-dev] 2020-04-09 09:30:18,325 |- DEBUG [http-nio-80-exec-5] com.dili.uap.dao.MenuMapper.listDirAndLinksByUserId [159] -| ==>  Preparing: SELECT DISTINCT m.id ,m.parent_id ,m.system_id ,m.order_number ,m.url ,m.`name` ,m.description ,m.target ,m.created ,m.modified ,m.icon_cls ,m.`type` ,m.`shortcut` from menu m, role_menu rm, user_role ur, `systems` s where m.id = rm.menu_id and rm.role_id = ur.role_id and m.system_id = s.id and ur.user_id = ? and s.id=? and (m.`type` = 0 or m.`type` = 1) order by m.order_number 
[uap-dev] 2020-04-09 09:30:18,417 |- DEBUG [http-nio-80-exec-4] com.dili.uap.dao.MenuMapper.listDirAndLinksByUserId [159] -| ==> Parameters: 15(Long), PARK(String)
[uap-dev] 2020-04-09 09:30:18,417 |- DEBUG [http-nio-80-exec-5] com.dili.uap.dao.MenuMapper.listDirAndLinksByUserId [159] -| ==> Parameters: 15(Long), 2(Long)
[uap-dev] 2020-04-09 09:30:18,430 |- DEBUG [http-nio-80-exec-5] com.dili.uap.dao.MenuMapper.listDirAndLinksByUserId [159] -| <==      Total: 18
[uap-dev] 2020-04-09 09:30:18,432 |- DEBUG [http-nio-80-exec-4] com.dili.uap.dao.MenuMapper.listDirAndLinksByUserId [159] -| <==      Total: 18
[uap-dev] 2020-04-09 09:30:23,372 |- DEBUG [http-nio-80-exec-2] com.dili.uap.sdk.session.SessionFilter [110] -| 请求地址:http://uap.diligrp.com/user/index.html
[uap-dev] 2020-04-09 09:30:23,590 |- DEBUG [http-nio-80-exec-10] com.dili.uap.dao.MenuMapper.select [159] -| ==>  Preparing: SELECT `created`,`description`,`icon_cls`,`id`,`modified`,`name`,`order_number`,`parent_id`,`shortcut`,`system_id`,`target`,`type`,`url` FROM `menu` WHERE `url` = ? 
[uap-dev] 2020-04-09 09:30:23,591 |- DEBUG [http-nio-80-exec-10] com.dili.uap.dao.MenuMapper.select [159] -| ==> Parameters: http://uap.diligrp.com/user/index.html(String)
[uap-dev] 2020-04-09 09:30:23,594 |- DEBUG [http-nio-80-exec-10] com.dili.uap.dao.MenuMapper.select [159] -| <==      Total: 1
[uap-dev] 2020-04-09 09:30:23,596 |- DEBUG [http-nio-80-exec-10] com.dili.uap.dao.MenuMapper.getParentMenus [159] -| ==>  Preparing: select getParentMenus(?) 
[uap-dev] 2020-04-09 09:30:23,597 |- DEBUG [http-nio-80-exec-10] com.dili.uap.dao.MenuMapper.getParentMenus [159] -| ==> Parameters: 9(String)
[uap-dev] 2020-04-09 09:30:23,599 |- DEBUG [http-nio-80-exec-10] com.dili.uap.dao.MenuMapper.getParentMenus [159] -| <==      Total: 1
[uap-dev] 2020-04-09 09:30:23,618 |- DEBUG [http-nio-80-exec-10] com.dili.uap.dao.MenuMapper.selectByExampleExpand [159] -| ==>  Preparing: SELECT `created`,`description`,`icon_cls`,`id`,`modified`,`name`,`order_number`,`parent_id`,`shortcut`,`system_id`,`target`,`type`,`url` FROM `menu` WHERE ( ( `id` in( '1', '9') ) ) 
[uap-dev] 2020-04-09 09:30:23,620 |- DEBUG [http-nio-80-exec-10] com.dili.uap.dao.MenuMapper.selectByExampleExpand [159] -| ==> Parameters: 
[uap-dev] 2020-04-09 09:30:23,630 |- DEBUG [http-nio-80-exec-10] com.dili.uap.dao.MenuMapper.selectByExampleExpand [159] -| <==      Total: 2
[uap-dev] 2020-04-09 09:30:23,678 |- DEBUG [http-nio-80-exec-2] com.dili.uap.dao.FirmMapper.select [159] -| ==>  Preparing: SELECT `code`,`created`,`description`,`id`,`modified`,`name`,`parent_id` FROM `firm` 
[uap-dev] 2020-04-09 09:30:23,679 |- DEBUG [http-nio-80-exec-2] com.dili.uap.dao.FirmMapper.select [159] -| ==> Parameters: 
[uap-dev] 2020-04-09 09:30:23,682 |- DEBUG [http-nio-80-exec-2] com.dili.uap.dao.FirmMapper.select [159] -| <==      Total: 11
[uap-dev] 2020-04-09 09:30:24,627 |- DEBUG [http-nio-80-exec-6] com.dili.uap.dao.UserMapper.selectForPage_COUNT [159] -| ==>  Preparing: SELECT count(0) FROM (SELECT u.*, CASE WHEN GROUP_CONCAT(r.role_name) IS NOT NULL THEN GROUP_CONCAT(r.role_name) ELSE '--' END AS user_roles FROM user u LEFT JOIN user_role ur ON u.id = ur.user_id LEFT JOIN role r ON ur.role_id = r.id WHERE 1 = 1 GROUP BY u.id) table_count 
[uap-dev] 2020-04-09 09:30:24,633 |- DEBUG [http-nio-80-exec-6] com.dili.uap.dao.UserMapper.selectForPage_COUNT [159] -| ==> Parameters: 
[uap-dev] 2020-04-09 09:30:24,641 |- DEBUG [http-nio-80-exec-6] com.dili.uap.dao.UserMapper.selectForPage_COUNT [159] -| <==      Total: 1
[uap-dev] 2020-04-09 09:30:24,643 |- DEBUG [http-nio-80-exec-6] com.dili.uap.dao.UserMapper.selectForPage [159] -| ==>  Preparing: select u.*, CASE WHEN group_concat(r.role_name) IS NOT NULL THEN group_concat(r.role_name) ELSE '--' END AS user_roles FROM user u LEFT JOIN user_role ur ON u.id=ur.user_id LEFT JOIN role r ON ur.role_id=r.id WHERE 1 = 1 GROUP BY u.id order by id desc LIMIT ? 
[uap-dev] 2020-04-09 09:30:24,645 |- DEBUG [http-nio-80-exec-6] com.dili.uap.dao.UserMapper.selectForPage [159] -| ==> Parameters: 30(Integer)
[uap-dev] 2020-04-09 09:30:24,664 |- DEBUG [http-nio-80-exec-6] com.dili.uap.dao.UserMapper.selectForPage [159] -| <==      Total: 30
[uap-dev] 2020-04-09 09:30:24,895 |- DEBUG [http-nio-80-exec-6] com.dili.uap.dao.FirmMapper.select [159] -| ==>  Preparing: SELECT `code`,`created`,`description`,`id`,`modified`,`name`,`parent_id` FROM `firm` 
[uap-dev] 2020-04-09 09:30:24,895 |- DEBUG [http-nio-80-exec-6] com.dili.uap.dao.FirmMapper.select [159] -| ==> Parameters: 
[uap-dev] 2020-04-09 09:30:25,128 |- DEBUG [http-nio-80-exec-6] com.dili.uap.dao.FirmMapper.select [159] -| <==      Total: 11
[uap-dev] 2020-04-09 09:30:25,128 |- DEBUG [http-nio-80-exec-6] com.dili.uap.dao.DepartmentMapper.select [159] -| ==>  Preparing: SELECT `code`,`created`,`created_id`,`description`,`firm_code`,`id`,`modified`,`modified_id`,`name`,`parent_id` FROM `department` 
[uap-dev] 2020-04-09 09:30:25,128 |- DEBUG [http-nio-80-exec-6] com.dili.uap.dao.DepartmentMapper.select [159] -| ==> Parameters: 
[uap-dev] 2020-04-09 09:30:25,144 |- DEBUG [http-nio-80-exec-6] com.dili.uap.dao.DepartmentMapper.select [159] -| <==      Total: 16
[uap-dev] 2020-04-09 09:30:25,189 |- INFO  [http-nio-80-exec-6] com.dili.uap.filter.PerformanceLogFilter [67] -| 754 millions to process request:[/user/listPage.action Param Map:{"metadata[firmCode]":["{\"provider\":\"firmCodeProvider\",\"index\":10,\"field\":\"firmCode\"}"],"metadata[departmentId]":["{\"provider\":\"departmentProvider\",\"index\":20,\"field\":\"departmentId\"}"],"metadata[state]":["{\"provider\":\"userStateProvider\",\"index\":30,\"field\":\"state\"}"],"metadata[created]":["{\"provider\":\"datetimeProvider\",\"index\":40,\"field\":\"created\"}"],"page":["1"],"rows":["30"],"sort":["id"],"order":["desc"]}
[uap-dev] 2020-04-09 09:30:34,972 |- DEBUG [http-nio-80-exec-9] com.dili.uap.sdk.session.SessionFilter [110] -| 请求地址:http://uap.diligrp.com/user/index.html
[uap-dev] 2020-04-09 09:30:34,979 |- DEBUG [http-nio-80-exec-6] com.dili.uap.dao.MenuMapper.getMenuDetailByUrl [159] -| ==>  Preparing: select m.id ,m.parent_id ,m.system_id ,m.order_number ,m.url ,m.`name` ,m.description ,m.target ,m.created ,m.modified ,m.icon_cls ,m.`type` ,m.`shortcut` ,s.code system_code ,s.name system_name ,s.`type` from menu m, `systems` s where m.system_id = s.id and m.url=? 
[uap-dev] 2020-04-09 09:30:34,981 |- DEBUG [http-nio-80-exec-6] com.dili.uap.dao.MenuMapper.getMenuDetailByUrl [159] -| ==> Parameters: http://uap.diligrp.com/user/index.html(String)
[uap-dev] 2020-04-09 09:30:34,985 |- DEBUG [http-nio-80-exec-6] com.dili.uap.dao.MenuMapper.getMenuDetailByUrl [159] -| <==      Total: 1
[uap-dev] 2020-04-09 09:30:34,994 |- WARN  [http-nio-80-exec-9] com.dili.ss.retrofitful.aop.service.impl.RestfulServiceImpl [294] -| 远程调用返回值建议使用BaseOutput!
[uap-dev] 2020-04-09 09:30:35,384 |- DEBUG [http-nio-80-exec-7] com.dili.uap.dao.SystemExceptionLogMapper.insertSelective [159] -| ==>  Preparing: INSERT INTO `system_exception_log` ( `exception_time`,`id`,`ip`,`menu_id`,`msg`,`system_code`,`system_name`,`type` ) VALUES( ?,?,?,?,?,?,?,? ) 
[uap-dev] 2020-04-09 09:30:35,390 |- DEBUG [http-nio-80-exec-7] com.dili.uap.dao.SystemExceptionLogMapper.insertSelective [159] -| ==> Parameters: 2020-04-09 09:30:34.0(Timestamp), null, 127.0.0.1(String), 9(Long), 用户未登录(String), PARK(String), 统一权限管理(String), 2000(String)
[uap-dev] 2020-04-09 09:30:35,392 |- DEBUG [http-nio-80-exec-7] com.dili.uap.dao.SystemExceptionLogMapper.insertSelective [159] -| <==    Updates: 1
[uap-dev] 2020-04-09 09:30:35,393 |- DEBUG [http-nio-80-exec-7] com.dili.uap.dao.SystemExceptionLogMapper.insertSelective!selectKey [159] -| ==>  Executing: SELECT LAST_INSERT_ID() 
[uap-dev] 2020-04-09 09:30:35,395 |- DEBUG [http-nio-80-exec-7] com.dili.uap.dao.SystemExceptionLogMapper.insertSelective!selectKey [159] -| <==      Total: 1
[uap-dev] 2020-04-09 09:31:47,684 |- INFO  [http-nio-80-exec-9] com.dili.uap.filter.PerformanceLogFilter [67] -| 72713 millions to process request:[/user/index.html Param Map:{}
[uap-dev] 2020-04-09 09:32:00,040 |- INFO  [http-nio-80-exec-10] com.dili.uap.filter.PerformanceLogFilter [67] -| 12353 millions to process request:[/error/noLogin.do Param Map:{}
[uap-dev] 2020-04-09 09:43:02,222 |- INFO  [SpringContextShutdownHook] org.springframework.amqp.rabbit.listener.SimpleMessageListenerContainer [640] -| Waiting for workers to finish.
[uap-dev] 2020-04-09 09:43:02,461 |- INFO  [SpringContextShutdownHook] org.springframework.amqp.rabbit.listener.SimpleMessageListenerContainer [643] -| Successfully waited for workers to finish.
[uap-dev] 2020-04-09 09:43:02,467 |- INFO  [SpringContextShutdownHook] org.springframework.amqp.rabbit.listener.SimpleMessageListenerContainer [640] -| Waiting for workers to finish.
[uap-dev] 2020-04-09 09:43:03,463 |- INFO  [SpringContextShutdownHook] org.springframework.amqp.rabbit.listener.SimpleMessageListenerContainer [643] -| Successfully waited for workers to finish.
[uap-dev] 2020-04-09 09:43:03,490 |- INFO  [SpringContextShutdownHook] org.springframework.amqp.rabbit.listener.SimpleMessageListenerContainer [1231] -| Shutdown ignored - container is not active already
[uap-dev] 2020-04-09 09:43:03,490 |- INFO  [SpringContextShutdownHook] org.springframework.amqp.rabbit.listener.SimpleMessageListenerContainer [1231] -| Shutdown ignored - container is not active already
[uap-dev] 2020-04-09 09:43:03,491 |- INFO  [SpringContextShutdownHook] org.springframework.scheduling.concurrent.ThreadPoolTaskExecutor [208] -| Shutting down ExecutorService 'applicationTaskExecutor'
[uap-dev] 2020-04-09 09:43:03,499 |- INFO  [SpringContextShutdownHook] com.alibaba.druid.pool.DruidDataSource [1948] -| {dataSource-1} closing ...
[uap-dev] 2020-04-09 09:43:03,502 |- INFO  [SpringContextShutdownHook] com.alibaba.druid.pool.DruidDataSource [2020] -| {dataSource-1} closed
[uap-dev] 2020-04-09 09:43:15,389 |- INFO  [main] com.dili.UapApplication [655] -| The following profiles are active: dev
[uap-dev] 2020-04-09 09:43:19,995 |- INFO  [main] org.reflections.Reflections [232] -| Reflections took 194 ms to scan 8 urls, producing 176 keys and 738 values 
[uap-dev] 2020-04-09 09:43:20,890 |- INFO  [main] org.springframework.data.repository.config.RepositoryConfigurationDelegate [249] -| Multiple Spring Data modules found, entering strict repository configuration mode!
[uap-dev] 2020-04-09 09:43:20,894 |- INFO  [main] org.springframework.data.repository.config.RepositoryConfigurationDelegate [127] -| Bootstrapping Spring Data Redis repositories in DEFAULT mode.
[uap-dev] 2020-04-09 09:43:21,156 |- INFO  [main] org.springframework.data.repository.config.RepositoryConfigurationDelegate [187] -| Finished Spring Data repository scanning in 238ms. Found 0 Redis repository interfaces.
[uap-dev] 2020-04-09 09:43:21,477 |- WARN  [main] org.mybatis.spring.mapper.ClassPathMapperScanner [166] -| No MyBatis mapper was found in '[com.dili]' package. Please check your configuration.
[uap-dev] 2020-04-09 09:43:21,650 |- INFO  [main] org.springframework.cloud.context.scope.GenericScope [295] -| BeanFactory id=2bff9b6e-84fc-3e1e-aca6-03981965259d
[uap-dev] 2020-04-09 09:43:22,013 |- INFO  [main] org.springframework.context.support.PostProcessorRegistrationDelegate$BeanPostProcessorChecker [330] -| Bean 'org.springframework.transaction.annotation.ProxyTransactionManagementConfiguration' of type [org.springframework.transaction.annotation.ProxyTransactionManagementConfiguration] is not eligible for getting processed by all BeanPostProcessors (for example: not eligible for auto-proxying)
[uap-dev] 2020-04-09 09:43:22,308 |- INFO  [main] org.springframework.context.support.PostProcessorRegistrationDelegate$BeanPostProcessorChecker [330] -| Bean 'org.springframework.cloud.autoconfigure.ConfigurationPropertiesRebinderAutoConfiguration' of type [org.springframework.cloud.autoconfigure.ConfigurationPropertiesRebinderAutoConfiguration] is not eligible for getting processed by all BeanPostProcessors (for example: not eligible for auto-proxying)
[uap-dev] 2020-04-09 09:43:22,942 |- INFO  [main] org.springframework.boot.web.embedded.tomcat.TomcatWebServer [92] -| Tomcat initialized with port(s): 80 (http)
[uap-dev] 2020-04-09 09:43:22,956 |- INFO  [main] org.apache.coyote.http11.Http11NioProtocol [173] -| Initializing ProtocolHandler ["http-nio-80"]
[uap-dev] 2020-04-09 09:43:22,957 |- INFO  [main] org.apache.catalina.core.StandardService [173] -| Starting service [Tomcat]
[uap-dev] 2020-04-09 09:43:22,957 |- INFO  [main] org.apache.catalina.core.StandardEngine [173] -| Starting Servlet engine: [Apache Tomcat/9.0.30]
[uap-dev] 2020-04-09 09:43:23,131 |- INFO  [main] org.apache.catalina.core.ContainerBase.[Tomcat].[localhost].[/] [173] -| Initializing Spring embedded WebApplicationContext
[uap-dev] 2020-04-09 09:43:23,131 |- INFO  [main] org.springframework.web.context.ContextLoader [284] -| Root WebApplicationContext: initialization completed in 7664 ms
[uap-dev] 2020-04-09 09:43:23,972 |- INFO  [main] com.alibaba.druid.spring.boot.autoconfigure.DruidDataSourceAutoConfigure [56] -| Init DruidDataSource
[uap-dev] 2020-04-09 09:43:24,443 |- INFO  [main] com.alibaba.druid.pool.DruidDataSource [1003] -| {dataSource-1} inited
[uap-dev] 2020-04-09 09:43:28,080 |- WARN  [main] org.beetl.ext.spring.BeetlSpringViewResolver [200] -| Beetl不建议使用使用spring前缀，会导致include,layout找不到对应的模板，请使用beetl的配置RESOURCE.ROOT来配置模板根目录
[uap-dev] 2020-04-09 09:43:28,620 |- INFO  [main] org.springframework.scheduling.concurrent.ThreadPoolTaskExecutor [171] -| Initializing ExecutorService 'applicationTaskExecutor'
[uap-dev] 2020-04-09 09:43:28,911 |- INFO  [main] tk.mybatis.mapper.autoconfigure.MapperCacheDisabler [60] -| Clear tk.mybatis.mapper.util.MsUtil CLASS_CACHE cache.
[uap-dev] 2020-04-09 09:43:28,913 |- INFO  [main] tk.mybatis.mapper.autoconfigure.MapperCacheDisabler [60] -| Clear tk.mybatis.mapper.genid.GenIdUtil CACHE cache.
[uap-dev] 2020-04-09 09:43:28,914 |- INFO  [main] tk.mybatis.mapper.autoconfigure.MapperCacheDisabler [60] -| Clear tk.mybatis.mapper.version.VersionUtil CACHE cache.
[uap-dev] 2020-04-09 09:43:28,915 |- INFO  [main] tk.mybatis.mapper.autoconfigure.MapperCacheDisabler [83] -| Clear EntityHelper entityTableMap cache.
[uap-dev] 2020-04-09 09:43:29,481 |- INFO  [main] org.springframework.amqp.rabbit.connection.CachingConnectionFactory [524] -| Attempting to connect to: [10.28.12.214:5672]
[uap-dev] 2020-04-09 09:43:29,570 |- INFO  [main] org.springframework.amqp.rabbit.connection.CachingConnectionFactory [497] -| Created new connection: rabbitConnectionFactory#21c8dd3e:0/SimpleConnection@7f85482c [delegate=amqp://admin@10.28.12.214:5672/, localPort= 57604]
[uap-dev] 2020-04-09 09:43:29,666 |- WARN  [org.springframework.amqp.rabbit.RabbitListenerEndpointContainer#0-2] org.springframework.amqp.support.converter.Jackson2JsonMessageConverter [263] -| Could not convert incoming message with content-type [text/plain], 'json' keyword missing.
[uap-dev] 2020-04-09 09:43:29,666 |- WARN  [org.springframework.amqp.rabbit.RabbitListenerEndpointContainer#0-3] org.springframework.amqp.support.converter.Jackson2JsonMessageConverter [263] -| Could not convert incoming message with content-type [text/plain], 'json' keyword missing.
[uap-dev] 2020-04-09 09:43:29,666 |- WARN  [org.springframework.amqp.rabbit.RabbitListenerEndpointContainer#0-1] org.springframework.amqp.support.converter.Jackson2JsonMessageConverter [263] -| Could not convert incoming message with content-type [text/plain], 'json' keyword missing.
[uap-dev] 2020-04-09 09:43:29,671 |- WARN  [org.springframework.amqp.rabbit.RabbitListenerEndpointContainer#1-3] org.springframework.amqp.support.converter.Jackson2JsonMessageConverter [263] -| Could not convert incoming message with content-type [text/plain], 'json' keyword missing.
[uap-dev] 2020-04-09 09:43:29,672 |- WARN  [org.springframework.amqp.rabbit.RabbitListenerEndpointContainer#1-2] org.springframework.amqp.support.converter.Jackson2JsonMessageConverter [263] -| Could not convert incoming message with content-type [text/plain], 'json' keyword missing.
[uap-dev] 2020-04-09 09:43:29,673 |- WARN  [org.springframework.amqp.rabbit.RabbitListenerEndpointContainer#1-1] org.springframework.amqp.support.converter.Jackson2JsonMessageConverter [263] -| Could not convert incoming message with content-type [text/plain], 'json' keyword missing.
[uap-dev] 2020-04-09 09:43:29,674 |- INFO  [org.springframework.amqp.rabbit.RabbitListenerEndpointContainer#1-1] com.dili.uap.component.UserListener [48] -| 收到消息: (Body:'ZgUri6b430VLrWJE96fXX/08urGMuXl21TIGV+3v6i0U+kJwgeyjjN/yNI2ZF2ZwBP4mWeDfZnNQqXi5IpkvUTQbHFL7VVuBYVztEHXjyEooA0weTpI07H6xIRnjqdKthlABlFBVSDOBBz6pDcBK95YBt5Ez6ymssY38l5oBGULMAYmXxYtHJf16VCmJjyTg' MessageProperties [headers={}, contentType=text/plain, contentEncoding=UTF-8, contentLength=0, receivedDeliveryMode=PERSISTENT, priority=0, redelivered=true, receivedExchange=diligrp.uap.topicExchange, receivedRoutingKey=diligrp.uap.changePasswordKey, deliveryTag=1, consumerTag=amq.ctag-HVfApUzY2JneEIU_WZodpA, consumerQueue=uap.changePassword.queue])
[uap-dev] 2020-04-09 09:43:29,674 |- INFO  [org.springframework.amqp.rabbit.RabbitListenerEndpointContainer#0-1] com.dili.uap.component.UserListener [31] -| 收到消息: (Body:'qDXCG8+Qf54vTdInzNN7DFjwfemNgTdCA3H1HbteeHBoIeiYoiwqOtfY14ZM6hKa2B8V2+MiTT5ayTakEb5FQMxqHN42Y8fQCIGc1hK3ZU3AtWYnpTwpB+kcJTXbFdEAM4ffL0jpyMvA9OPVH0qzu5VcbOLdSINKHR0zRcomstzbXy2qzkENp2j3RxagmGb3' MessageProperties [headers={}, contentType=text/plain, contentEncoding=UTF-8, contentLength=0, receivedDeliveryMode=PERSISTENT, priority=0, redelivered=true, receivedExchange=diligrp.uap.topicExchange, receivedRoutingKey=diligrp.uap.addUserKey, deliveryTag=1, consumerTag=amq.ctag-jPUunF4PMEA_VcXOYLFCew, consumerQueue=uap.addUser.queue])
[uap-dev] 2020-04-09 09:43:29,674 |- INFO  [org.springframework.amqp.rabbit.RabbitListenerEndpointContainer#1-2] com.dili.uap.component.UserListener [48] -| 收到消息: (Body:'ZgUri6b430VLrWJE96fXX3MnsyO/HkJ/paKrZfIVT8xYZSqoX8wFFIYtyTU/WG52+MDeEK5q/sgvhOxSC6weWZCNBGdM9ODTt1ET3+vms5mD1I3ob1S8MVT0JmnUnUmxLwk69MKbsJtalbWSl10VA6sKiMr6hMq1e3fh82gkgEbdciBUkxlTRXnbJMldfHqa' MessageProperties [headers={}, contentType=text/plain, contentEncoding=UTF-8, contentLength=0, receivedDeliveryMode=PERSISTENT, priority=0, redelivered=true, receivedExchange=diligrp.uap.topicExchange, receivedRoutingKey=diligrp.uap.changePasswordKey, deliveryTag=1, consumerTag=amq.ctag-qeH4HcCHPXJnbWo_CuzlxQ, consumerQueue=uap.changePassword.queue])
[uap-dev] 2020-04-09 09:43:29,674 |- INFO  [org.springframework.amqp.rabbit.RabbitListenerEndpointContainer#1-3] com.dili.uap.component.UserListener [48] -| 收到消息: (Body:'ZgUri6b430VLrWJE96fXXw/PNeUgGdcnw8qRtH91OJZYZSqoX8wFFIYtyTU/WG52bPn8+8bVC9a6WeI87m85K8YFJgw92KcTKos08SfaevmD1I3ob1S8MVT0JmnUnUmxsg/WXUXLf9zbOS+aIDTMAbh/paJbTn2TGDPzkCVudpbQ4FLEB53wkM2moZdB8jTN' MessageProperties [headers={}, contentType=text/plain, contentEncoding=UTF-8, contentLength=0, receivedDeliveryMode=PERSISTENT, priority=0, redelivered=true, receivedExchange=diligrp.uap.topicExchange, receivedRoutingKey=diligrp.uap.changePasswordKey, deliveryTag=1, consumerTag=amq.ctag-ZcwB0BOAo8pCa7pEGI49gA, consumerQueue=uap.changePassword.queue])
[uap-dev] 2020-04-09 09:43:29,674 |- INFO  [org.springframework.amqp.rabbit.RabbitListenerEndpointContainer#0-2] com.dili.uap.component.UserListener [31] -| 收到消息: (Body:'Gwfo90GmSN/noyOsuEAF0oB+HxQvuDT137DFUmLK3iZxWCsytlPpd05Lqf54cCGIhaiyRHfge1mGHepde+LBPifOcCD71qJYx5MV6I/lm8urMVebRUnvm4XFEtOJsBjW6RgGggKKMZJ+MHesI5m0yh4bRZEWLb9xwLBNtCPiSoKtp+y1VQWkljWZgs/eyRjt' MessageProperties [headers={}, contentType=text/plain, contentEncoding=UTF-8, contentLength=0, receivedDeliveryMode=PERSISTENT, priority=0, redelivered=true, receivedExchange=diligrp.uap.topicExchange, receivedRoutingKey=diligrp.uap.addUserKey, deliveryTag=1, consumerTag=amq.ctag-BkKTCXmfn0qJdg-XK0a2ag, consumerQueue=uap.addUser.queue])
[uap-dev] 2020-04-09 09:43:29,674 |- INFO  [org.springframework.amqp.rabbit.RabbitListenerEndpointContainer#0-3] com.dili.uap.component.UserListener [31] -| 收到消息: (Body:'0M/sT5qJW1Zzfxd7y2yn4QRR1m5ZyyXycmrPO+PNg0KI07jVS8CoSssRwh5ouYdARXGnBlN/NSIaGFkXIwI33JN87O/K9yw4efMseMlO6JKWH/2OF7BZzsKvwvIWFqFCWOTcVobrTBlwoGp1POjHy1tzhKEaz4A8w7VAr2/x8SVvhF0wojT6IE2bMX+fZojG' MessageProperties [headers={}, contentType=text/plain, contentEncoding=UTF-8, contentLength=0, receivedDeliveryMode=PERSISTENT, priority=0, redelivered=true, receivedExchange=diligrp.uap.topicExchange, receivedRoutingKey=diligrp.uap.addUserKey, deliveryTag=1, consumerTag=amq.ctag-iUSfZQLSBT1NmNw-cxTmsA, consumerQueue=uap.addUser.queue])
[uap-dev] 2020-04-09 09:43:29,709 |- INFO  [org.springframework.amqp.rabbit.RabbitListenerEndpointContainer#1-2] com.dili.uap.component.UserListener [52] -| 消息解密: {"confirmPassword":"asdfasdf","metadata":{},"newPassword":"asdfasdf","oldPassword":"123456","password":"D89F3C8348AFD5C77C","userName":"wm"}
[uap-dev] 2020-04-09 09:43:29,709 |- INFO  [org.springframework.amqp.rabbit.RabbitListenerEndpointContainer#0-1] com.dili.uap.component.UserListener [35] -| 消息解密: {"cellphone":"17898965868","email":"hongbo@diligrp.com","metadata":{},"password":"3949BA59ABBE56E057","realName":"洪波","userName":"hongbo"}
[uap-dev] 2020-04-09 09:43:29,709 |- INFO  [org.springframework.amqp.rabbit.RabbitListenerEndpointContainer#0-2] com.dili.uap.component.UserListener [35] -| 消息解密: {"cellphone":"13512345678","email":"lijun@diligrp.com","metadata":{},"password":"3949BA59ABBE56E057","realName":"李俊","userName":"lijun"}
[uap-dev] 2020-04-09 09:43:29,709 |- INFO  [org.springframework.amqp.rabbit.RabbitListenerEndpointContainer#1-1] com.dili.uap.component.UserListener [52] -| 消息解密: {"confirmPassword":"123123","metadata":{},"newPassword":"123123","oldPassword":"123456","password":"4B13955235245B2497","userName":"clf_hzsc"}
[uap-dev] 2020-04-09 09:43:29,709 |- INFO  [org.springframework.amqp.rabbit.RabbitListenerEndpointContainer#1-3] com.dili.uap.component.UserListener [52] -| 消息解密: {"confirmPassword":"lijun001","metadata":{},"newPassword":"lijun001","oldPassword":"123456","password":"938C52F309B9D2A6B7","userName":"lijun"}
[uap-dev] 2020-04-09 09:43:29,709 |- INFO  [org.springframework.amqp.rabbit.RabbitListenerEndpointContainer#0-3] com.dili.uap.component.UserListener [35] -| 消息解密: {"cellphone":"18111111111","email":"wangmi1@diligrp.com","metadata":{},"password":"3949BA59ABBE56E057","realName":"王宓","userName":"wm"}
[uap-dev] 2020-04-09 09:43:29,900 |- DEBUG [main] com.dili.uap.dao.UserMapper.selectByExampleExpand [159] -| ==>  Preparing: SELECT `card_number`,`cellphone`,`created`,`department_id`,`description`,`email`,`firm_code`,`id`,`locked`,`modified`,`password`,`position`,`real_name`,`serial_number`,`state`,`user_name` FROM `user` WHERE ( ( `state` = 2 ) ) 
[uap-dev] 2020-04-09 09:43:30,161 |- DEBUG [main] com.dili.uap.dao.UserMapper.selectByExampleExpand [159] -| ==> Parameters: 
[uap-dev] 2020-04-09 09:43:30,198 |- DEBUG [main] com.dili.uap.dao.UserMapper.selectByExampleExpand [159] -| <==      Total: 0
[uap-dev] 2020-04-09 09:43:30,202 |- INFO  [main] org.apache.coyote.http11.Http11NioProtocol [173] -| Starting ProtocolHandler ["http-nio-80"]
[uap-dev] 2020-04-09 09:43:30,235 |- INFO  [main] org.springframework.boot.web.embedded.tomcat.TomcatWebServer [204] -| Tomcat started on port(s): 80 (http) with context path ''
[uap-dev] 2020-04-09 09:43:30,238 |- INFO  [main] com.dili.UapApplication [61] -| Started UapApplication in 16.592 seconds (JVM running for 17.545)
[uap-dev] 2020-04-09 09:43:34,415 |- INFO  [http-nio-80-exec-1] org.apache.catalina.core.ContainerBase.[Tomcat].[localhost].[/] [173] -| Initializing Spring DispatcherServlet 'dispatcherServlet'
[uap-dev] 2020-04-09 09:43:34,416 |- INFO  [http-nio-80-exec-1] org.springframework.web.servlet.DispatcherServlet [525] -| Initializing Servlet 'dispatcherServlet'
[uap-dev] 2020-04-09 09:43:34,428 |- INFO  [http-nio-80-exec-1] org.springframework.web.servlet.DispatcherServlet [547] -| Completed initialization in 12 ms
[uap-dev] 2020-04-09 09:43:34,451 |- DEBUG [http-nio-80-exec-1] com.dili.uap.sdk.session.SessionFilter [110] -| 请求地址:http://uap.diligrp.com/user/index.html
[uap-dev] 2020-04-09 09:43:34,595 |- DEBUG [http-nio-80-exec-2] com.dili.uap.dao.MenuMapper.getMenuDetailByUrl [159] -| ==>  Preparing: select m.id ,m.parent_id ,m.system_id ,m.order_number ,m.url ,m.`name` ,m.description ,m.target ,m.created ,m.modified ,m.icon_cls ,m.`type` ,m.`shortcut` ,s.code system_code ,s.name system_name ,s.`type` from menu m, `systems` s where m.system_id = s.id and m.url=? 
[uap-dev] 2020-04-09 09:43:34,602 |- DEBUG [http-nio-80-exec-2] com.dili.uap.dao.MenuMapper.getMenuDetailByUrl [159] -| ==> Parameters: http://uap.diligrp.com/user/index.html(String)
[uap-dev] 2020-04-09 09:43:34,611 |- DEBUG [http-nio-80-exec-2] com.dili.uap.dao.MenuMapper.getMenuDetailByUrl [159] -| <==      Total: 1
[uap-dev] 2020-04-09 09:43:34,682 |- WARN  [http-nio-80-exec-1] com.dili.ss.retrofitful.aop.service.impl.RestfulServiceImpl [294] -| 远程调用返回值建议使用BaseOutput!
[uap-dev] 2020-04-09 09:43:34,745 |- DEBUG [http-nio-80-exec-3] com.dili.uap.dao.SystemExceptionLogMapper.insertSelective [159] -| ==>  Preparing: INSERT INTO `system_exception_log` ( `exception_time`,`id`,`ip`,`menu_id`,`msg`,`system_code`,`system_name`,`type` ) VALUES( ?,?,?,?,?,?,?,? ) 
[uap-dev] 2020-04-09 09:43:34,834 |- DEBUG [http-nio-80-exec-3] com.dili.uap.dao.SystemExceptionLogMapper.insertSelective [159] -| ==> Parameters: 2020-04-09 09:43:34.0(Timestamp), null, 127.0.0.1(String), 9(Long), 用户未登录(String), PARK(String), 统一权限管理(String), 2000(String)
[uap-dev] 2020-04-09 09:43:34,838 |- DEBUG [http-nio-80-exec-3] com.dili.uap.dao.SystemExceptionLogMapper.insertSelective [159] -| <==    Updates: 1
[uap-dev] 2020-04-09 09:43:34,843 |- DEBUG [http-nio-80-exec-3] com.dili.uap.dao.SystemExceptionLogMapper.insertSelective!selectKey [159] -| ==>  Executing: SELECT LAST_INSERT_ID() 
[uap-dev] 2020-04-09 09:43:34,847 |- DEBUG [http-nio-80-exec-3] com.dili.uap.dao.SystemExceptionLogMapper.insertSelective!selectKey [159] -| <==      Total: 1
[uap-dev] 2020-04-09 09:43:41,886 |- INFO  [http-nio-80-exec-1] com.dili.uap.filter.PerformanceLogFilter [67] -| 7439 millions to process request:[/user/index.html Param Map:{}
[uap-dev] 2020-04-09 09:43:41,890 |- DEBUG [http-nio-80-exec-4] com.dili.uap.sdk.session.SessionFilter [110] -| 请求地址:http://uap.diligrp.com/uapError/noLogin.do
[uap-dev] 2020-04-09 09:43:41,893 |- DEBUG [http-nio-80-exec-6] com.dili.uap.dao.MenuMapper.getMenuDetailByUrl [159] -| ==>  Preparing: select m.id ,m.parent_id ,m.system_id ,m.order_number ,m.url ,m.`name` ,m.description ,m.target ,m.created ,m.modified ,m.icon_cls ,m.`type` ,m.`shortcut` ,s.code system_code ,s.name system_name ,s.`type` from menu m, `systems` s where m.system_id = s.id and m.url=? 
[uap-dev] 2020-04-09 09:43:41,894 |- DEBUG [http-nio-80-exec-6] com.dili.uap.dao.MenuMapper.getMenuDetailByUrl [159] -| ==> Parameters: http://uap.diligrp.com/uapError/noLogin.do(String)
[uap-dev] 2020-04-09 09:43:41,898 |- DEBUG [http-nio-80-exec-6] com.dili.uap.dao.MenuMapper.getMenuDetailByUrl [159] -| <==      Total: 0
[uap-dev] 2020-04-09 09:43:41,899 |- WARN  [http-nio-80-exec-4] com.dili.ss.retrofitful.aop.service.impl.RestfulServiceImpl [294] -| 远程调用返回值建议使用BaseOutput!
[uap-dev] 2020-04-09 09:43:41,903 |- DEBUG [http-nio-80-exec-5] com.dili.uap.dao.SystemExceptionLogMapper.insertSelective [159] -| ==>  Preparing: INSERT INTO `system_exception_log` ( `exception_time`,`id`,`ip`,`msg`,`type` ) VALUES( ?,?,?,?,? ) 
[uap-dev] 2020-04-09 09:43:41,905 |- DEBUG [http-nio-80-exec-5] com.dili.uap.dao.SystemExceptionLogMapper.insertSelective [159] -| ==> Parameters: 2020-04-09 09:43:41.0(Timestamp), null, 127.0.0.1(String), 用户未登录,url:http://uap.diligrp.com/uapError/noLogin.do(String), 2000(String)
[uap-dev] 2020-04-09 09:43:41,907 |- DEBUG [http-nio-80-exec-5] com.dili.uap.dao.SystemExceptionLogMapper.insertSelective [159] -| <==    Updates: 1
[uap-dev] 2020-04-09 09:43:41,907 |- DEBUG [http-nio-80-exec-5] com.dili.uap.dao.SystemExceptionLogMapper.insertSelective!selectKey [159] -| ==>  Executing: SELECT LAST_INSERT_ID() 
[uap-dev] 2020-04-09 09:43:41,909 |- DEBUG [http-nio-80-exec-5] com.dili.uap.dao.SystemExceptionLogMapper.insertSelective!selectKey [159] -| <==      Total: 1
[uap-dev] 2020-04-09 09:43:44,753 |- INFO  [http-nio-80-exec-4] com.dili.uap.filter.PerformanceLogFilter [67] -| 2863 millions to process request:[/uapError/noLogin.do Param Map:{}
[uap-dev] 2020-04-09 09:43:44,757 |- DEBUG [http-nio-80-exec-7] com.dili.uap.sdk.session.SessionFilter [110] -| 请求地址:http://uap.diligrp.com/uapError/noLogin.do
[uap-dev] 2020-04-09 09:43:44,760 |- DEBUG [http-nio-80-exec-8] com.dili.uap.dao.MenuMapper.getMenuDetailByUrl [159] -| ==>  Preparing: select m.id ,m.parent_id ,m.system_id ,m.order_number ,m.url ,m.`name` ,m.description ,m.target ,m.created ,m.modified ,m.icon_cls ,m.`type` ,m.`shortcut` ,s.code system_code ,s.name system_name ,s.`type` from menu m, `systems` s where m.system_id = s.id and m.url=? 
[uap-dev] 2020-04-09 09:43:44,761 |- DEBUG [http-nio-80-exec-8] com.dili.uap.dao.MenuMapper.getMenuDetailByUrl [159] -| ==> Parameters: http://uap.diligrp.com/uapError/noLogin.do(String)
[uap-dev] 2020-04-09 09:43:44,764 |- DEBUG [http-nio-80-exec-8] com.dili.uap.dao.MenuMapper.getMenuDetailByUrl [159] -| <==      Total: 0
[uap-dev] 2020-04-09 09:43:44,765 |- WARN  [http-nio-80-exec-7] com.dili.ss.retrofitful.aop.service.impl.RestfulServiceImpl [294] -| 远程调用返回值建议使用BaseOutput!
[uap-dev] 2020-04-09 09:43:44,769 |- DEBUG [http-nio-80-exec-9] com.dili.uap.dao.SystemExceptionLogMapper.insertSelective [159] -| ==>  Preparing: INSERT INTO `system_exception_log` ( `exception_time`,`id`,`ip`,`msg`,`type` ) VALUES( ?,?,?,?,? ) 
[uap-dev] 2020-04-09 09:43:44,769 |- DEBUG [http-nio-80-exec-9] com.dili.uap.dao.SystemExceptionLogMapper.insertSelective [159] -| ==> Parameters: 2020-04-09 09:43:44.0(Timestamp), null, 127.0.0.1(String), 用户未登录,url:http://uap.diligrp.com/uapError/noLogin.do(String), 2000(String)
[uap-dev] 2020-04-09 09:43:44,771 |- DEBUG [http-nio-80-exec-9] com.dili.uap.dao.SystemExceptionLogMapper.insertSelective [159] -| <==    Updates: 1
[uap-dev] 2020-04-09 09:43:44,773 |- DEBUG [http-nio-80-exec-9] com.dili.uap.dao.SystemExceptionLogMapper.insertSelective!selectKey [159] -| ==>  Executing: SELECT LAST_INSERT_ID() 
[uap-dev] 2020-04-09 09:43:44,774 |- DEBUG [http-nio-80-exec-9] com.dili.uap.dao.SystemExceptionLogMapper.insertSelective!selectKey [159] -| <==      Total: 1
[uap-dev] 2020-04-09 09:43:45,999 |- INFO  [http-nio-80-exec-7] com.dili.uap.filter.PerformanceLogFilter [67] -| 1242 millions to process request:[/uapError/noLogin.do Param Map:{}
[uap-dev] 2020-04-09 09:43:46,003 |- DEBUG [http-nio-80-exec-10] com.dili.uap.sdk.session.SessionFilter [110] -| 请求地址:http://uap.diligrp.com/uapError/noLogin.do
[uap-dev] 2020-04-09 09:43:46,007 |- DEBUG [http-nio-80-exec-2] com.dili.uap.dao.MenuMapper.getMenuDetailByUrl [159] -| ==>  Preparing: select m.id ,m.parent_id ,m.system_id ,m.order_number ,m.url ,m.`name` ,m.description ,m.target ,m.created ,m.modified ,m.icon_cls ,m.`type` ,m.`shortcut` ,s.code system_code ,s.name system_name ,s.`type` from menu m, `systems` s where m.system_id = s.id and m.url=? 
[uap-dev] 2020-04-09 09:43:46,008 |- DEBUG [http-nio-80-exec-2] com.dili.uap.dao.MenuMapper.getMenuDetailByUrl [159] -| ==> Parameters: http://uap.diligrp.com/uapError/noLogin.do(String)
[uap-dev] 2020-04-09 09:43:46,012 |- DEBUG [http-nio-80-exec-2] com.dili.uap.dao.MenuMapper.getMenuDetailByUrl [159] -| <==      Total: 0
[uap-dev] 2020-04-09 09:43:46,014 |- WARN  [http-nio-80-exec-10] com.dili.ss.retrofitful.aop.service.impl.RestfulServiceImpl [294] -| 远程调用返回值建议使用BaseOutput!
[uap-dev] 2020-04-09 09:43:46,018 |- DEBUG [http-nio-80-exec-3] com.dili.uap.dao.SystemExceptionLogMapper.insertSelective [159] -| ==>  Preparing: INSERT INTO `system_exception_log` ( `exception_time`,`id`,`ip`,`msg`,`type` ) VALUES( ?,?,?,?,? ) 
[uap-dev] 2020-04-09 09:43:46,019 |- DEBUG [http-nio-80-exec-3] com.dili.uap.dao.SystemExceptionLogMapper.insertSelective [159] -| ==> Parameters: 2020-04-09 09:43:46.0(Timestamp), null, 127.0.0.1(String), 用户未登录,url:http://uap.diligrp.com/uapError/noLogin.do(String), 2000(String)
[uap-dev] 2020-04-09 09:43:46,022 |- DEBUG [http-nio-80-exec-3] com.dili.uap.dao.SystemExceptionLogMapper.insertSelective [159] -| <==    Updates: 1
[uap-dev] 2020-04-09 09:43:46,023 |- DEBUG [http-nio-80-exec-3] com.dili.uap.dao.SystemExceptionLogMapper.insertSelective!selectKey [159] -| ==>  Executing: SELECT LAST_INSERT_ID() 
[uap-dev] 2020-04-09 09:43:46,024 |- DEBUG [http-nio-80-exec-3] com.dili.uap.dao.SystemExceptionLogMapper.insertSelective!selectKey [159] -| <==      Total: 1
[uap-dev] 2020-04-09 09:43:46,736 |- INFO  [http-nio-80-exec-10] com.dili.uap.filter.PerformanceLogFilter [67] -| 733 millions to process request:[/uapError/noLogin.do Param Map:{}
[uap-dev] 2020-04-09 09:43:46,739 |- DEBUG [http-nio-80-exec-1] com.dili.uap.sdk.session.SessionFilter [110] -| 请求地址:http://uap.diligrp.com/uapError/noLogin.do
[uap-dev] 2020-04-09 09:43:46,743 |- DEBUG [http-nio-80-exec-6] com.dili.uap.dao.MenuMapper.getMenuDetailByUrl [159] -| ==>  Preparing: select m.id ,m.parent_id ,m.system_id ,m.order_number ,m.url ,m.`name` ,m.description ,m.target ,m.created ,m.modified ,m.icon_cls ,m.`type` ,m.`shortcut` ,s.code system_code ,s.name system_name ,s.`type` from menu m, `systems` s where m.system_id = s.id and m.url=? 
[uap-dev] 2020-04-09 09:43:46,744 |- DEBUG [http-nio-80-exec-6] com.dili.uap.dao.MenuMapper.getMenuDetailByUrl [159] -| ==> Parameters: http://uap.diligrp.com/uapError/noLogin.do(String)
[uap-dev] 2020-04-09 09:43:46,746 |- DEBUG [http-nio-80-exec-6] com.dili.uap.dao.MenuMapper.getMenuDetailByUrl [159] -| <==      Total: 0
[uap-dev] 2020-04-09 09:43:46,748 |- WARN  [http-nio-80-exec-1] com.dili.ss.retrofitful.aop.service.impl.RestfulServiceImpl [294] -| 远程调用返回值建议使用BaseOutput!
[uap-dev] 2020-04-09 09:43:46,754 |- DEBUG [http-nio-80-exec-5] com.dili.uap.dao.SystemExceptionLogMapper.insertSelective [159] -| ==>  Preparing: INSERT INTO `system_exception_log` ( `exception_time`,`id`,`ip`,`msg`,`type` ) VALUES( ?,?,?,?,? ) 
[uap-dev] 2020-04-09 09:43:46,754 |- DEBUG [http-nio-80-exec-5] com.dili.uap.dao.SystemExceptionLogMapper.insertSelective [159] -| ==> Parameters: 2020-04-09 09:43:46.0(Timestamp), null, 127.0.0.1(String), 用户未登录,url:http://uap.diligrp.com/uapError/noLogin.do(String), 2000(String)
[uap-dev] 2020-04-09 09:43:46,756 |- DEBUG [http-nio-80-exec-5] com.dili.uap.dao.SystemExceptionLogMapper.insertSelective [159] -| <==    Updates: 1
[uap-dev] 2020-04-09 09:43:46,757 |- DEBUG [http-nio-80-exec-5] com.dili.uap.dao.SystemExceptionLogMapper.insertSelective!selectKey [159] -| ==>  Executing: SELECT LAST_INSERT_ID() 
[uap-dev] 2020-04-09 09:43:46,759 |- DEBUG [http-nio-80-exec-5] com.dili.uap.dao.SystemExceptionLogMapper.insertSelective!selectKey [159] -| <==      Total: 1
[uap-dev] 2020-04-09 09:43:47,235 |- DEBUG [http-nio-80-exec-4] com.dili.uap.sdk.session.SessionFilter [110] -| 请求地址:http://uap.diligrp.com/uapError/noLogin.do
[uap-dev] 2020-04-09 09:43:47,239 |- DEBUG [http-nio-80-exec-8] com.dili.uap.dao.MenuMapper.getMenuDetailByUrl [159] -| ==>  Preparing: select m.id ,m.parent_id ,m.system_id ,m.order_number ,m.url ,m.`name` ,m.description ,m.target ,m.created ,m.modified ,m.icon_cls ,m.`type` ,m.`shortcut` ,s.code system_code ,s.name system_name ,s.`type` from menu m, `systems` s where m.system_id = s.id and m.url=? 
[uap-dev] 2020-04-09 09:43:47,240 |- DEBUG [http-nio-80-exec-8] com.dili.uap.dao.MenuMapper.getMenuDetailByUrl [159] -| ==> Parameters: http://uap.diligrp.com/uapError/noLogin.do(String)
[uap-dev] 2020-04-09 09:43:47,242 |- DEBUG [http-nio-80-exec-8] com.dili.uap.dao.MenuMapper.getMenuDetailByUrl [159] -| <==      Total: 0
[uap-dev] 2020-04-09 09:43:47,244 |- WARN  [http-nio-80-exec-4] com.dili.ss.retrofitful.aop.service.impl.RestfulServiceImpl [294] -| 远程调用返回值建议使用BaseOutput!
[uap-dev] 2020-04-09 09:43:47,251 |- DEBUG [http-nio-80-exec-9] com.dili.uap.dao.SystemExceptionLogMapper.insertSelective [159] -| ==>  Preparing: INSERT INTO `system_exception_log` ( `exception_time`,`id`,`ip`,`msg`,`type` ) VALUES( ?,?,?,?,? ) 
[uap-dev] 2020-04-09 09:43:47,252 |- DEBUG [http-nio-80-exec-9] com.dili.uap.dao.SystemExceptionLogMapper.insertSelective [159] -| ==> Parameters: 2020-04-09 09:43:47.0(Timestamp), null, 127.0.0.1(String), 用户未登录,url:http://uap.diligrp.com/uapError/noLogin.do(String), 2000(String)
[uap-dev] 2020-04-09 09:43:47,254 |- DEBUG [http-nio-80-exec-9] com.dili.uap.dao.SystemExceptionLogMapper.insertSelective [159] -| <==    Updates: 1
[uap-dev] 2020-04-09 09:43:47,255 |- DEBUG [http-nio-80-exec-9] com.dili.uap.dao.SystemExceptionLogMapper.insertSelective!selectKey [159] -| ==>  Executing: SELECT LAST_INSERT_ID() 
[uap-dev] 2020-04-09 09:43:47,256 |- DEBUG [http-nio-80-exec-9] com.dili.uap.dao.SystemExceptionLogMapper.insertSelective!selectKey [159] -| <==      Total: 1
[uap-dev] 2020-04-09 09:43:47,578 |- DEBUG [http-nio-80-exec-7] com.dili.uap.sdk.session.SessionFilter [110] -| 请求地址:http://uap.diligrp.com/uapError/noLogin.do
[uap-dev] 2020-04-09 09:43:47,585 |- DEBUG [http-nio-80-exec-2] com.dili.uap.dao.MenuMapper.getMenuDetailByUrl [159] -| ==>  Preparing: select m.id ,m.parent_id ,m.system_id ,m.order_number ,m.url ,m.`name` ,m.description ,m.target ,m.created ,m.modified ,m.icon_cls ,m.`type` ,m.`shortcut` ,s.code system_code ,s.name system_name ,s.`type` from menu m, `systems` s where m.system_id = s.id and m.url=? 
[uap-dev] 2020-04-09 09:43:47,585 |- DEBUG [http-nio-80-exec-2] com.dili.uap.dao.MenuMapper.getMenuDetailByUrl [159] -| ==> Parameters: http://uap.diligrp.com/uapError/noLogin.do(String)
[uap-dev] 2020-04-09 09:43:47,589 |- DEBUG [http-nio-80-exec-2] com.dili.uap.dao.MenuMapper.getMenuDetailByUrl [159] -| <==      Total: 0
[uap-dev] 2020-04-09 09:43:47,592 |- WARN  [http-nio-80-exec-7] com.dili.ss.retrofitful.aop.service.impl.RestfulServiceImpl [294] -| 远程调用返回值建议使用BaseOutput!
[uap-dev] 2020-04-09 09:43:47,600 |- DEBUG [http-nio-80-exec-3] com.dili.uap.dao.SystemExceptionLogMapper.insertSelective [159] -| ==>  Preparing: INSERT INTO `system_exception_log` ( `exception_time`,`id`,`ip`,`msg`,`type` ) VALUES( ?,?,?,?,? ) 
[uap-dev] 2020-04-09 09:43:47,601 |- DEBUG [http-nio-80-exec-3] com.dili.uap.dao.SystemExceptionLogMapper.insertSelective [159] -| ==> Parameters: 2020-04-09 09:43:47.0(Timestamp), null, 127.0.0.1(String), 用户未登录,url:http://uap.diligrp.com/uapError/noLogin.do(String), 2000(String)
[uap-dev] 2020-04-09 09:43:47,603 |- DEBUG [http-nio-80-exec-3] com.dili.uap.dao.SystemExceptionLogMapper.insertSelective [159] -| <==    Updates: 1
[uap-dev] 2020-04-09 09:43:47,604 |- DEBUG [http-nio-80-exec-3] com.dili.uap.dao.SystemExceptionLogMapper.insertSelective!selectKey [159] -| ==>  Executing: SELECT LAST_INSERT_ID() 
[uap-dev] 2020-04-09 09:43:47,607 |- DEBUG [http-nio-80-exec-3] com.dili.uap.dao.SystemExceptionLogMapper.insertSelective!selectKey [159] -| <==      Total: 1
[uap-dev] 2020-04-09 09:43:50,352 |- INFO  [http-nio-80-exec-7] com.dili.uap.filter.PerformanceLogFilter [67] -| 2774 millions to process request:[/uapError/noLogin.do Param Map:{}
[uap-dev] 2020-04-09 09:43:50,356 |- DEBUG [http-nio-80-exec-10] com.dili.uap.sdk.session.SessionFilter [110] -| 请求地址:http://uap.diligrp.com/uapError/noLogin.do
[uap-dev] 2020-04-09 09:43:50,360 |- DEBUG [http-nio-80-exec-6] com.dili.uap.dao.MenuMapper.getMenuDetailByUrl [159] -| ==>  Preparing: select m.id ,m.parent_id ,m.system_id ,m.order_number ,m.url ,m.`name` ,m.description ,m.target ,m.created ,m.modified ,m.icon_cls ,m.`type` ,m.`shortcut` ,s.code system_code ,s.name system_name ,s.`type` from menu m, `systems` s where m.system_id = s.id and m.url=? 
[uap-dev] 2020-04-09 09:43:50,361 |- DEBUG [http-nio-80-exec-6] com.dili.uap.dao.MenuMapper.getMenuDetailByUrl [159] -| ==> Parameters: http://uap.diligrp.com/uapError/noLogin.do(String)
[uap-dev] 2020-04-09 09:43:50,366 |- DEBUG [http-nio-80-exec-6] com.dili.uap.dao.MenuMapper.getMenuDetailByUrl [159] -| <==      Total: 0
[uap-dev] 2020-04-09 09:43:50,369 |- WARN  [http-nio-80-exec-10] com.dili.ss.retrofitful.aop.service.impl.RestfulServiceImpl [294] -| 远程调用返回值建议使用BaseOutput!
[uap-dev] 2020-04-09 09:43:50,375 |- DEBUG [http-nio-80-exec-5] com.dili.uap.dao.SystemExceptionLogMapper.insertSelective [159] -| ==>  Preparing: INSERT INTO `system_exception_log` ( `exception_time`,`id`,`ip`,`msg`,`type` ) VALUES( ?,?,?,?,? ) 
[uap-dev] 2020-04-09 09:43:50,376 |- DEBUG [http-nio-80-exec-5] com.dili.uap.dao.SystemExceptionLogMapper.insertSelective [159] -| ==> Parameters: 2020-04-09 09:43:50.0(Timestamp), null, 127.0.0.1(String), 用户未登录,url:http://uap.diligrp.com/uapError/noLogin.do(String), 2000(String)
[uap-dev] 2020-04-09 09:43:50,379 |- DEBUG [http-nio-80-exec-5] com.dili.uap.dao.SystemExceptionLogMapper.insertSelective [159] -| <==    Updates: 1
[uap-dev] 2020-04-09 09:43:50,380 |- DEBUG [http-nio-80-exec-5] com.dili.uap.dao.SystemExceptionLogMapper.insertSelective!selectKey [159] -| ==>  Executing: SELECT LAST_INSERT_ID() 
[uap-dev] 2020-04-09 09:43:50,382 |- DEBUG [http-nio-80-exec-5] com.dili.uap.dao.SystemExceptionLogMapper.insertSelective!selectKey [159] -| <==      Total: 1
[uap-dev] 2020-04-09 09:43:50,392 |- INFO  [SpringContextShutdownHook] org.springframework.amqp.rabbit.listener.SimpleMessageListenerContainer [640] -| Waiting for workers to finish.
[uap-dev] 2020-04-09 09:43:50,398 |- DEBUG [http-nio-80-exec-1] com.dili.uap.sdk.session.SessionFilter [110] -| 请求地址:http://uap.diligrp.com/uapError/noLogin.do
[uap-dev] 2020-04-09 09:43:50,401 |- DEBUG [http-nio-80-exec-8] com.dili.uap.dao.MenuMapper.getMenuDetailByUrl [159] -| ==>  Preparing: select m.id ,m.parent_id ,m.system_id ,m.order_number ,m.url ,m.`name` ,m.description ,m.target ,m.created ,m.modified ,m.icon_cls ,m.`type` ,m.`shortcut` ,s.code system_code ,s.name system_name ,s.`type` from menu m, `systems` s where m.system_id = s.id and m.url=? 
[uap-dev] 2020-04-09 09:43:50,402 |- DEBUG [http-nio-80-exec-8] com.dili.uap.dao.MenuMapper.getMenuDetailByUrl [159] -| ==> Parameters: http://uap.diligrp.com/uapError/noLogin.do(String)
[uap-dev] 2020-04-09 09:43:50,404 |- DEBUG [http-nio-80-exec-8] com.dili.uap.dao.MenuMapper.getMenuDetailByUrl [159] -| <==      Total: 0
[uap-dev] 2020-04-09 09:43:50,407 |- WARN  [http-nio-80-exec-1] com.dili.ss.retrofitful.aop.service.impl.RestfulServiceImpl [294] -| 远程调用返回值建议使用BaseOutput!
[uap-dev] 2020-04-09 09:43:50,413 |- DEBUG [http-nio-80-exec-9] com.dili.uap.dao.SystemExceptionLogMapper.insertSelective [159] -| ==>  Preparing: INSERT INTO `system_exception_log` ( `exception_time`,`id`,`ip`,`msg`,`type` ) VALUES( ?,?,?,?,? ) 
[uap-dev] 2020-04-09 09:43:50,414 |- DEBUG [http-nio-80-exec-9] com.dili.uap.dao.SystemExceptionLogMapper.insertSelective [159] -| ==> Parameters: 2020-04-09 09:43:50.0(Timestamp), null, 127.0.0.1(String), 用户未登录,url:http://uap.diligrp.com/uapError/noLogin.do(String), 2000(String)
[uap-dev] 2020-04-09 09:43:50,417 |- DEBUG [http-nio-80-exec-9] com.dili.uap.dao.SystemExceptionLogMapper.insertSelective [159] -| <==    Updates: 1
[uap-dev] 2020-04-09 09:43:50,417 |- DEBUG [http-nio-80-exec-9] com.dili.uap.dao.SystemExceptionLogMapper.insertSelective!selectKey [159] -| ==>  Executing: SELECT LAST_INSERT_ID() 
[uap-dev] 2020-04-09 09:43:50,419 |- DEBUG [http-nio-80-exec-9] com.dili.uap.dao.SystemExceptionLogMapper.insertSelective!selectKey [159] -| <==      Total: 1
[uap-dev] 2020-04-09 09:43:50,436 |- DEBUG [http-nio-80-exec-4] com.dili.uap.sdk.session.SessionFilter [110] -| 请求地址:http://uap.diligrp.com/uapError/noLogin.do
[uap-dev] 2020-04-09 09:43:50,439 |- DEBUG [http-nio-80-exec-2] com.dili.uap.dao.MenuMapper.getMenuDetailByUrl [159] -| ==>  Preparing: select m.id ,m.parent_id ,m.system_id ,m.order_number ,m.url ,m.`name` ,m.description ,m.target ,m.created ,m.modified ,m.icon_cls ,m.`type` ,m.`shortcut` ,s.code system_code ,s.name system_name ,s.`type` from menu m, `systems` s where m.system_id = s.id and m.url=? 
[uap-dev] 2020-04-09 09:43:50,440 |- DEBUG [http-nio-80-exec-2] com.dili.uap.dao.MenuMapper.getMenuDetailByUrl [159] -| ==> Parameters: http://uap.diligrp.com/uapError/noLogin.do(String)
[uap-dev] 2020-04-09 09:43:50,442 |- DEBUG [http-nio-80-exec-2] com.dili.uap.dao.MenuMapper.getMenuDetailByUrl [159] -| <==      Total: 0
[uap-dev] 2020-04-09 09:43:50,445 |- WARN  [http-nio-80-exec-4] com.dili.ss.retrofitful.aop.service.impl.RestfulServiceImpl [294] -| 远程调用返回值建议使用BaseOutput!
[uap-dev] 2020-04-09 09:43:50,451 |- DEBUG [http-nio-80-exec-3] com.dili.uap.dao.SystemExceptionLogMapper.insertSelective [159] -| ==>  Preparing: INSERT INTO `system_exception_log` ( `exception_time`,`id`,`ip`,`msg`,`type` ) VALUES( ?,?,?,?,? ) 
[uap-dev] 2020-04-09 09:43:50,452 |- DEBUG [http-nio-80-exec-3] com.dili.uap.dao.SystemExceptionLogMapper.insertSelective [159] -| ==> Parameters: 2020-04-09 09:43:50.0(Timestamp), null, 127.0.0.1(String), 用户未登录,url:http://uap.diligrp.com/uapError/noLogin.do(String), 2000(String)
[uap-dev] 2020-04-09 09:43:50,455 |- DEBUG [http-nio-80-exec-3] com.dili.uap.dao.SystemExceptionLogMapper.insertSelective [159] -| <==    Updates: 1
[uap-dev] 2020-04-09 09:43:50,455 |- DEBUG [http-nio-80-exec-3] com.dili.uap.dao.SystemExceptionLogMapper.insertSelective!selectKey [159] -| ==>  Executing: SELECT LAST_INSERT_ID() 
[uap-dev] 2020-04-09 09:43:50,457 |- DEBUG [http-nio-80-exec-3] com.dili.uap.dao.SystemExceptionLogMapper.insertSelective!selectKey [159] -| <==      Total: 1
[uap-dev] 2020-04-09 09:43:50,473 |- DEBUG [http-nio-80-exec-7] com.dili.uap.sdk.session.SessionFilter [110] -| 请求地址:http://uap.diligrp.com/uapError/noLogin.do
[uap-dev] 2020-04-09 09:43:50,478 |- DEBUG [http-nio-80-exec-6] com.dili.uap.dao.MenuMapper.getMenuDetailByUrl [159] -| ==>  Preparing: select m.id ,m.parent_id ,m.system_id ,m.order_number ,m.url ,m.`name` ,m.description ,m.target ,m.created ,m.modified ,m.icon_cls ,m.`type` ,m.`shortcut` ,s.code system_code ,s.name system_name ,s.`type` from menu m, `systems` s where m.system_id = s.id and m.url=? 
[uap-dev] 2020-04-09 09:43:50,479 |- DEBUG [http-nio-80-exec-6] com.dili.uap.dao.MenuMapper.getMenuDetailByUrl [159] -| ==> Parameters: http://uap.diligrp.com/uapError/noLogin.do(String)
[uap-dev] 2020-04-09 09:43:50,482 |- DEBUG [http-nio-80-exec-6] com.dili.uap.dao.MenuMapper.getMenuDetailByUrl [159] -| <==      Total: 0
[uap-dev] 2020-04-09 09:43:50,484 |- WARN  [http-nio-80-exec-7] com.dili.ss.retrofitful.aop.service.impl.RestfulServiceImpl [294] -| 远程调用返回值建议使用BaseOutput!
[uap-dev] 2020-04-09 09:43:50,490 |- DEBUG [http-nio-80-exec-5] com.dili.uap.dao.SystemExceptionLogMapper.insertSelective [159] -| ==>  Preparing: INSERT INTO `system_exception_log` ( `exception_time`,`id`,`ip`,`msg`,`type` ) VALUES( ?,?,?,?,? ) 
[uap-dev] 2020-04-09 09:43:50,492 |- DEBUG [http-nio-80-exec-5] com.dili.uap.dao.SystemExceptionLogMapper.insertSelective [159] -| ==> Parameters: 2020-04-09 09:43:50.0(Timestamp), null, 127.0.0.1(String), 用户未登录,url:http://uap.diligrp.com/uapError/noLogin.do(String), 2000(String)
[uap-dev] 2020-04-09 09:43:50,494 |- DEBUG [http-nio-80-exec-5] com.dili.uap.dao.SystemExceptionLogMapper.insertSelective [159] -| <==    Updates: 1
[uap-dev] 2020-04-09 09:43:50,496 |- DEBUG [http-nio-80-exec-5] com.dili.uap.dao.SystemExceptionLogMapper.insertSelective!selectKey [159] -| ==>  Executing: SELECT LAST_INSERT_ID() 
[uap-dev] 2020-04-09 09:43:50,497 |- DEBUG [http-nio-80-exec-5] com.dili.uap.dao.SystemExceptionLogMapper.insertSelective!selectKey [159] -| <==      Total: 1
[uap-dev] 2020-04-09 09:43:50,512 |- DEBUG [http-nio-80-exec-10] com.dili.uap.sdk.session.SessionFilter [110] -| 请求地址:http://uap.diligrp.com/uapError/noLogin.do
[uap-dev] 2020-04-09 09:43:50,516 |- DEBUG [http-nio-80-exec-8] com.dili.uap.dao.MenuMapper.getMenuDetailByUrl [159] -| ==>  Preparing: select m.id ,m.parent_id ,m.system_id ,m.order_number ,m.url ,m.`name` ,m.description ,m.target ,m.created ,m.modified ,m.icon_cls ,m.`type` ,m.`shortcut` ,s.code system_code ,s.name system_name ,s.`type` from menu m, `systems` s where m.system_id = s.id and m.url=? 
[uap-dev] 2020-04-09 09:43:50,517 |- DEBUG [http-nio-80-exec-8] com.dili.uap.dao.MenuMapper.getMenuDetailByUrl [159] -| ==> Parameters: http://uap.diligrp.com/uapError/noLogin.do(String)
[uap-dev] 2020-04-09 09:43:50,520 |- DEBUG [http-nio-80-exec-8] com.dili.uap.dao.MenuMapper.getMenuDetailByUrl [159] -| <==      Total: 0
[uap-dev] 2020-04-09 09:43:50,522 |- WARN  [http-nio-80-exec-10] com.dili.ss.retrofitful.aop.service.impl.RestfulServiceImpl [294] -| 远程调用返回值建议使用BaseOutput!
[uap-dev] 2020-04-09 09:43:50,527 |- DEBUG [http-nio-80-exec-9] com.dili.uap.dao.SystemExceptionLogMapper.insertSelective [159] -| ==>  Preparing: INSERT INTO `system_exception_log` ( `exception_time`,`id`,`ip`,`msg`,`type` ) VALUES( ?,?,?,?,? ) 
[uap-dev] 2020-04-09 09:43:50,528 |- DEBUG [http-nio-80-exec-9] com.dili.uap.dao.SystemExceptionLogMapper.insertSelective [159] -| ==> Parameters: 2020-04-09 09:43:50.0(Timestamp), null, 127.0.0.1(String), 用户未登录,url:http://uap.diligrp.com/uapError/noLogin.do(String), 2000(String)
[uap-dev] 2020-04-09 09:43:50,529 |- DEBUG [http-nio-80-exec-9] com.dili.uap.dao.SystemExceptionLogMapper.insertSelective [159] -| <==    Updates: 1
[uap-dev] 2020-04-09 09:43:50,530 |- DEBUG [http-nio-80-exec-9] com.dili.uap.dao.SystemExceptionLogMapper.insertSelective!selectKey [159] -| ==>  Executing: SELECT LAST_INSERT_ID() 
[uap-dev] 2020-04-09 09:43:50,532 |- DEBUG [http-nio-80-exec-9] com.dili.uap.dao.SystemExceptionLogMapper.insertSelective!selectKey [159] -| <==      Total: 1
[uap-dev] 2020-04-09 09:43:50,545 |- DEBUG [http-nio-80-exec-1] com.dili.uap.sdk.session.SessionFilter [110] -| 请求地址:http://uap.diligrp.com/uapError/noLogin.do
[uap-dev] 2020-04-09 09:43:50,548 |- DEBUG [http-nio-80-exec-2] com.dili.uap.dao.MenuMapper.getMenuDetailByUrl [159] -| ==>  Preparing: select m.id ,m.parent_id ,m.system_id ,m.order_number ,m.url ,m.`name` ,m.description ,m.target ,m.created ,m.modified ,m.icon_cls ,m.`type` ,m.`shortcut` ,s.code system_code ,s.name system_name ,s.`type` from menu m, `systems` s where m.system_id = s.id and m.url=? 
[uap-dev] 2020-04-09 09:43:50,549 |- DEBUG [http-nio-80-exec-2] com.dili.uap.dao.MenuMapper.getMenuDetailByUrl [159] -| ==> Parameters: http://uap.diligrp.com/uapError/noLogin.do(String)
[uap-dev] 2020-04-09 09:43:50,551 |- DEBUG [http-nio-80-exec-2] com.dili.uap.dao.MenuMapper.getMenuDetailByUrl [159] -| <==      Total: 0
[uap-dev] 2020-04-09 09:43:50,552 |- WARN  [http-nio-80-exec-1] com.dili.ss.retrofitful.aop.service.impl.RestfulServiceImpl [294] -| 远程调用返回值建议使用BaseOutput!
[uap-dev] 2020-04-09 09:43:50,557 |- DEBUG [http-nio-80-exec-3] com.dili.uap.dao.SystemExceptionLogMapper.insertSelective [159] -| ==>  Preparing: INSERT INTO `system_exception_log` ( `exception_time`,`id`,`ip`,`msg`,`type` ) VALUES( ?,?,?,?,? ) 
[uap-dev] 2020-04-09 09:43:50,558 |- DEBUG [http-nio-80-exec-3] com.dili.uap.dao.SystemExceptionLogMapper.insertSelective [159] -| ==> Parameters: 2020-04-09 09:43:50.0(Timestamp), null, 127.0.0.1(String), 用户未登录,url:http://uap.diligrp.com/uapError/noLogin.do(String), 2000(String)
[uap-dev] 2020-04-09 09:43:50,560 |- DEBUG [http-nio-80-exec-3] com.dili.uap.dao.SystemExceptionLogMapper.insertSelective [159] -| <==    Updates: 1
[uap-dev] 2020-04-09 09:43:50,561 |- DEBUG [http-nio-80-exec-3] com.dili.uap.dao.SystemExceptionLogMapper.insertSelective!selectKey [159] -| ==>  Executing: SELECT LAST_INSERT_ID() 
[uap-dev] 2020-04-09 09:43:50,563 |- DEBUG [http-nio-80-exec-3] com.dili.uap.dao.SystemExceptionLogMapper.insertSelective!selectKey [159] -| <==      Total: 1
[uap-dev] 2020-04-09 09:43:50,576 |- DEBUG [http-nio-80-exec-4] com.dili.uap.sdk.session.SessionFilter [110] -| 请求地址:http://uap.diligrp.com/uapError/noLogin.do
[uap-dev] 2020-04-09 09:43:50,582 |- DEBUG [http-nio-80-exec-6] com.dili.uap.dao.MenuMapper.getMenuDetailByUrl [159] -| ==>  Preparing: select m.id ,m.parent_id ,m.system_id ,m.order_number ,m.url ,m.`name` ,m.description ,m.target ,m.created ,m.modified ,m.icon_cls ,m.`type` ,m.`shortcut` ,s.code system_code ,s.name system_name ,s.`type` from menu m, `systems` s where m.system_id = s.id and m.url=? 
[uap-dev] 2020-04-09 09:43:50,583 |- DEBUG [http-nio-80-exec-6] com.dili.uap.dao.MenuMapper.getMenuDetailByUrl [159] -| ==> Parameters: http://uap.diligrp.com/uapError/noLogin.do(String)
[uap-dev] 2020-04-09 09:43:50,585 |- DEBUG [http-nio-80-exec-6] com.dili.uap.dao.MenuMapper.getMenuDetailByUrl [159] -| <==      Total: 0
[uap-dev] 2020-04-09 09:43:50,588 |- WARN  [http-nio-80-exec-4] com.dili.ss.retrofitful.aop.service.impl.RestfulServiceImpl [294] -| 远程调用返回值建议使用BaseOutput!
[uap-dev] 2020-04-09 09:43:50,594 |- DEBUG [http-nio-80-exec-5] com.dili.uap.dao.SystemExceptionLogMapper.insertSelective [159] -| ==>  Preparing: INSERT INTO `system_exception_log` ( `exception_time`,`id`,`ip`,`msg`,`type` ) VALUES( ?,?,?,?,? ) 
[uap-dev] 2020-04-09 09:43:50,595 |- DEBUG [http-nio-80-exec-5] com.dili.uap.dao.SystemExceptionLogMapper.insertSelective [159] -| ==> Parameters: 2020-04-09 09:43:50.0(Timestamp), null, 127.0.0.1(String), 用户未登录,url:http://uap.diligrp.com/uapError/noLogin.do(String), 2000(String)
[uap-dev] 2020-04-09 09:43:50,597 |- DEBUG [http-nio-80-exec-5] com.dili.uap.dao.SystemExceptionLogMapper.insertSelective [159] -| <==    Updates: 1
[uap-dev] 2020-04-09 09:43:50,598 |- DEBUG [http-nio-80-exec-5] com.dili.uap.dao.SystemExceptionLogMapper.insertSelective!selectKey [159] -| ==>  Executing: SELECT LAST_INSERT_ID() 
[uap-dev] 2020-04-09 09:43:50,600 |- DEBUG [http-nio-80-exec-5] com.dili.uap.dao.SystemExceptionLogMapper.insertSelective!selectKey [159] -| <==      Total: 1
[uap-dev] 2020-04-09 09:43:50,614 |- DEBUG [http-nio-80-exec-7] com.dili.uap.sdk.session.SessionFilter [110] -| 请求地址:http://uap.diligrp.com/uapError/noLogin.do
[uap-dev] 2020-04-09 09:43:50,619 |- DEBUG [http-nio-80-exec-8] com.dili.uap.dao.MenuMapper.getMenuDetailByUrl [159] -| ==>  Preparing: select m.id ,m.parent_id ,m.system_id ,m.order_number ,m.url ,m.`name` ,m.description ,m.target ,m.created ,m.modified ,m.icon_cls ,m.`type` ,m.`shortcut` ,s.code system_code ,s.name system_name ,s.`type` from menu m, `systems` s where m.system_id = s.id and m.url=? 
[uap-dev] 2020-04-09 09:43:50,620 |- DEBUG [http-nio-80-exec-8] com.dili.uap.dao.MenuMapper.getMenuDetailByUrl [159] -| ==> Parameters: http://uap.diligrp.com/uapError/noLogin.do(String)
[uap-dev] 2020-04-09 09:43:50,622 |- DEBUG [http-nio-80-exec-8] com.dili.uap.dao.MenuMapper.getMenuDetailByUrl [159] -| <==      Total: 0
[uap-dev] 2020-04-09 09:43:50,625 |- WARN  [http-nio-80-exec-7] com.dili.ss.retrofitful.aop.service.impl.RestfulServiceImpl [294] -| 远程调用返回值建议使用BaseOutput!
[uap-dev] 2020-04-09 09:43:50,631 |- DEBUG [http-nio-80-exec-9] com.dili.uap.dao.SystemExceptionLogMapper.insertSelective [159] -| ==>  Preparing: INSERT INTO `system_exception_log` ( `exception_time`,`id`,`ip`,`msg`,`type` ) VALUES( ?,?,?,?,? ) 
[uap-dev] 2020-04-09 09:43:50,633 |- DEBUG [http-nio-80-exec-9] com.dili.uap.dao.SystemExceptionLogMapper.insertSelective [159] -| ==> Parameters: 2020-04-09 09:43:50.0(Timestamp), null, 127.0.0.1(String), 用户未登录,url:http://uap.diligrp.com/uapError/noLogin.do(String), 2000(String)
[uap-dev] 2020-04-09 09:43:50,635 |- DEBUG [http-nio-80-exec-9] com.dili.uap.dao.SystemExceptionLogMapper.insertSelective [159] -| <==    Updates: 1
[uap-dev] 2020-04-09 09:43:50,635 |- DEBUG [http-nio-80-exec-9] com.dili.uap.dao.SystemExceptionLogMapper.insertSelective!selectKey [159] -| ==>  Executing: SELECT LAST_INSERT_ID() 
[uap-dev] 2020-04-09 09:43:50,637 |- DEBUG [http-nio-80-exec-9] com.dili.uap.dao.SystemExceptionLogMapper.insertSelective!selectKey [159] -| <==      Total: 1
[uap-dev] 2020-04-09 09:43:50,651 |- DEBUG [http-nio-80-exec-10] com.dili.uap.sdk.session.SessionFilter [110] -| 请求地址:http://uap.diligrp.com/uapError/noLogin.do
[uap-dev] 2020-04-09 09:43:50,655 |- DEBUG [http-nio-80-exec-2] com.dili.uap.dao.MenuMapper.getMenuDetailByUrl [159] -| ==>  Preparing: select m.id ,m.parent_id ,m.system_id ,m.order_number ,m.url ,m.`name` ,m.description ,m.target ,m.created ,m.modified ,m.icon_cls ,m.`type` ,m.`shortcut` ,s.code system_code ,s.name system_name ,s.`type` from menu m, `systems` s where m.system_id = s.id and m.url=? 
[uap-dev] 2020-04-09 09:43:50,656 |- DEBUG [http-nio-80-exec-2] com.dili.uap.dao.MenuMapper.getMenuDetailByUrl [159] -| ==> Parameters: http://uap.diligrp.com/uapError/noLogin.do(String)
[uap-dev] 2020-04-09 09:43:50,659 |- DEBUG [http-nio-80-exec-2] com.dili.uap.dao.MenuMapper.getMenuDetailByUrl [159] -| <==      Total: 0
[uap-dev] 2020-04-09 09:43:50,663 |- WARN  [http-nio-80-exec-10] com.dili.ss.retrofitful.aop.service.impl.RestfulServiceImpl [294] -| 远程调用返回值建议使用BaseOutput!
[uap-dev] 2020-04-09 09:43:50,674 |- DEBUG [http-nio-80-exec-3] com.dili.uap.dao.SystemExceptionLogMapper.insertSelective [159] -| ==>  Preparing: INSERT INTO `system_exception_log` ( `exception_time`,`id`,`ip`,`msg`,`type` ) VALUES( ?,?,?,?,? ) 
[uap-dev] 2020-04-09 09:43:50,676 |- DEBUG [http-nio-80-exec-3] com.dili.uap.dao.SystemExceptionLogMapper.insertSelective [159] -| ==> Parameters: 2020-04-09 09:43:50.0(Timestamp), null, 127.0.0.1(String), 用户未登录,url:http://uap.diligrp.com/uapError/noLogin.do(String), 2000(String)
[uap-dev] 2020-04-09 09:43:50,679 |- DEBUG [http-nio-80-exec-3] com.dili.uap.dao.SystemExceptionLogMapper.insertSelective [159] -| <==    Updates: 1
[uap-dev] 2020-04-09 09:43:50,680 |- DEBUG [http-nio-80-exec-3] com.dili.uap.dao.SystemExceptionLogMapper.insertSelective!selectKey [159] -| ==>  Executing: SELECT LAST_INSERT_ID() 
[uap-dev] 2020-04-09 09:43:50,683 |- DEBUG [http-nio-80-exec-3] com.dili.uap.dao.SystemExceptionLogMapper.insertSelective!selectKey [159] -| <==      Total: 1
[uap-dev] 2020-04-09 09:43:50,697 |- DEBUG [http-nio-80-exec-1] com.dili.uap.sdk.session.SessionFilter [110] -| 请求地址:http://uap.diligrp.com/uapError/noLogin.do
[uap-dev] 2020-04-09 09:43:50,700 |- DEBUG [http-nio-80-exec-6] com.dili.uap.dao.MenuMapper.getMenuDetailByUrl [159] -| ==>  Preparing: select m.id ,m.parent_id ,m.system_id ,m.order_number ,m.url ,m.`name` ,m.description ,m.target ,m.created ,m.modified ,m.icon_cls ,m.`type` ,m.`shortcut` ,s.code system_code ,s.name system_name ,s.`type` from menu m, `systems` s where m.system_id = s.id and m.url=? 
[uap-dev] 2020-04-09 09:43:50,701 |- DEBUG [http-nio-80-exec-6] com.dili.uap.dao.MenuMapper.getMenuDetailByUrl [159] -| ==> Parameters: http://uap.diligrp.com/uapError/noLogin.do(String)
[uap-dev] 2020-04-09 09:43:50,703 |- DEBUG [http-nio-80-exec-6] com.dili.uap.dao.MenuMapper.getMenuDetailByUrl [159] -| <==      Total: 0
[uap-dev] 2020-04-09 09:43:50,704 |- WARN  [http-nio-80-exec-1] com.dili.ss.retrofitful.aop.service.impl.RestfulServiceImpl [294] -| 远程调用返回值建议使用BaseOutput!
[uap-dev] 2020-04-09 09:43:50,709 |- DEBUG [http-nio-80-exec-5] com.dili.uap.dao.SystemExceptionLogMapper.insertSelective [159] -| ==>  Preparing: INSERT INTO `system_exception_log` ( `exception_time`,`id`,`ip`,`msg`,`type` ) VALUES( ?,?,?,?,? ) 
[uap-dev] 2020-04-09 09:43:50,710 |- DEBUG [http-nio-80-exec-5] com.dili.uap.dao.SystemExceptionLogMapper.insertSelective [159] -| ==> Parameters: 2020-04-09 09:43:50.0(Timestamp), null, 127.0.0.1(String), 用户未登录,url:http://uap.diligrp.com/uapError/noLogin.do(String), 2000(String)
[uap-dev] 2020-04-09 09:43:50,714 |- DEBUG [http-nio-80-exec-5] com.dili.uap.dao.SystemExceptionLogMapper.insertSelective [159] -| <==    Updates: 1
[uap-dev] 2020-04-09 09:43:50,715 |- DEBUG [http-nio-80-exec-5] com.dili.uap.dao.SystemExceptionLogMapper.insertSelective!selectKey [159] -| ==>  Executing: SELECT LAST_INSERT_ID() 
[uap-dev] 2020-04-09 09:43:50,716 |- DEBUG [http-nio-80-exec-5] com.dili.uap.dao.SystemExceptionLogMapper.insertSelective!selectKey [159] -| <==      Total: 1
[uap-dev] 2020-04-09 09:43:50,731 |- DEBUG [http-nio-80-exec-4] com.dili.uap.sdk.session.SessionFilter [110] -| 请求地址:http://uap.diligrp.com/uapError/noLogin.do
[uap-dev] 2020-04-09 09:43:50,734 |- DEBUG [http-nio-80-exec-8] com.dili.uap.dao.MenuMapper.getMenuDetailByUrl [159] -| ==>  Preparing: select m.id ,m.parent_id ,m.system_id ,m.order_number ,m.url ,m.`name` ,m.description ,m.target ,m.created ,m.modified ,m.icon_cls ,m.`type` ,m.`shortcut` ,s.code system_code ,s.name system_name ,s.`type` from menu m, `systems` s where m.system_id = s.id and m.url=? 
[uap-dev] 2020-04-09 09:43:50,734 |- DEBUG [http-nio-80-exec-8] com.dili.uap.dao.MenuMapper.getMenuDetailByUrl [159] -| ==> Parameters: http://uap.diligrp.com/uapError/noLogin.do(String)
[uap-dev] 2020-04-09 09:43:50,737 |- DEBUG [http-nio-80-exec-8] com.dili.uap.dao.MenuMapper.getMenuDetailByUrl [159] -| <==      Total: 0
[uap-dev] 2020-04-09 09:43:50,738 |- WARN  [http-nio-80-exec-4] com.dili.ss.retrofitful.aop.service.impl.RestfulServiceImpl [294] -| 远程调用返回值建议使用BaseOutput!
[uap-dev] 2020-04-09 09:43:50,743 |- DEBUG [http-nio-80-exec-9] com.dili.uap.dao.SystemExceptionLogMapper.insertSelective [159] -| ==>  Preparing: INSERT INTO `system_exception_log` ( `exception_time`,`id`,`ip`,`msg`,`type` ) VALUES( ?,?,?,?,? ) 
[uap-dev] 2020-04-09 09:43:50,744 |- DEBUG [http-nio-80-exec-9] com.dili.uap.dao.SystemExceptionLogMapper.insertSelective [159] -| ==> Parameters: 2020-04-09 09:43:50.0(Timestamp), null, 127.0.0.1(String), 用户未登录,url:http://uap.diligrp.com/uapError/noLogin.do(String), 2000(String)
[uap-dev] 2020-04-09 09:43:50,746 |- DEBUG [http-nio-80-exec-9] com.dili.uap.dao.SystemExceptionLogMapper.insertSelective [159] -| <==    Updates: 1
[uap-dev] 2020-04-09 09:43:50,746 |- DEBUG [http-nio-80-exec-9] com.dili.uap.dao.SystemExceptionLogMapper.insertSelective!selectKey [159] -| ==>  Executing: SELECT LAST_INSERT_ID() 
[uap-dev] 2020-04-09 09:43:50,747 |- DEBUG [http-nio-80-exec-9] com.dili.uap.dao.SystemExceptionLogMapper.insertSelective!selectKey [159] -| <==      Total: 1
[uap-dev] 2020-04-09 09:43:50,762 |- DEBUG [http-nio-80-exec-7] com.dili.uap.sdk.session.SessionFilter [110] -| 请求地址:http://uap.diligrp.com/uapError/noLogin.do
[uap-dev] 2020-04-09 09:43:50,766 |- DEBUG [http-nio-80-exec-2] com.dili.uap.dao.MenuMapper.getMenuDetailByUrl [159] -| ==>  Preparing: select m.id ,m.parent_id ,m.system_id ,m.order_number ,m.url ,m.`name` ,m.description ,m.target ,m.created ,m.modified ,m.icon_cls ,m.`type` ,m.`shortcut` ,s.code system_code ,s.name system_name ,s.`type` from menu m, `systems` s where m.system_id = s.id and m.url=? 
[uap-dev] 2020-04-09 09:43:50,767 |- DEBUG [http-nio-80-exec-2] com.dili.uap.dao.MenuMapper.getMenuDetailByUrl [159] -| ==> Parameters: http://uap.diligrp.com/uapError/noLogin.do(String)
[uap-dev] 2020-04-09 09:43:50,770 |- DEBUG [http-nio-80-exec-2] com.dili.uap.dao.MenuMapper.getMenuDetailByUrl [159] -| <==      Total: 0
[uap-dev] 2020-04-09 09:43:50,772 |- WARN  [http-nio-80-exec-7] com.dili.ss.retrofitful.aop.service.impl.RestfulServiceImpl [294] -| 远程调用返回值建议使用BaseOutput!
[uap-dev] 2020-04-09 09:43:50,777 |- DEBUG [http-nio-80-exec-3] com.dili.uap.dao.SystemExceptionLogMapper.insertSelective [159] -| ==>  Preparing: INSERT INTO `system_exception_log` ( `exception_time`,`id`,`ip`,`msg`,`type` ) VALUES( ?,?,?,?,? ) 
[uap-dev] 2020-04-09 09:43:50,778 |- DEBUG [http-nio-80-exec-3] com.dili.uap.dao.SystemExceptionLogMapper.insertSelective [159] -| ==> Parameters: 2020-04-09 09:43:50.0(Timestamp), null, 127.0.0.1(String), 用户未登录,url:http://uap.diligrp.com/uapError/noLogin.do(String), 2000(String)
[uap-dev] 2020-04-09 09:43:50,780 |- DEBUG [http-nio-80-exec-3] com.dili.uap.dao.SystemExceptionLogMapper.insertSelective [159] -| <==    Updates: 1
[uap-dev] 2020-04-09 09:43:50,781 |- DEBUG [http-nio-80-exec-3] com.dili.uap.dao.SystemExceptionLogMapper.insertSelective!selectKey [159] -| ==>  Executing: SELECT LAST_INSERT_ID() 
[uap-dev] 2020-04-09 09:43:50,783 |- DEBUG [http-nio-80-exec-3] com.dili.uap.dao.SystemExceptionLogMapper.insertSelective!selectKey [159] -| <==      Total: 1
[uap-dev] 2020-04-09 09:43:50,800 |- DEBUG [http-nio-80-exec-10] com.dili.uap.sdk.session.SessionFilter [110] -| 请求地址:http://uap.diligrp.com/uapError/noLogin.do
[uap-dev] 2020-04-09 09:43:50,804 |- DEBUG [http-nio-80-exec-6] com.dili.uap.dao.MenuMapper.getMenuDetailByUrl [159] -| ==>  Preparing: select m.id ,m.parent_id ,m.system_id ,m.order_number ,m.url ,m.`name` ,m.description ,m.target ,m.created ,m.modified ,m.icon_cls ,m.`type` ,m.`shortcut` ,s.code system_code ,s.name system_name ,s.`type` from menu m, `systems` s where m.system_id = s.id and m.url=? 
[uap-dev] 2020-04-09 09:43:50,805 |- DEBUG [http-nio-80-exec-6] com.dili.uap.dao.MenuMapper.getMenuDetailByUrl [159] -| ==> Parameters: http://uap.diligrp.com/uapError/noLogin.do(String)
[uap-dev] 2020-04-09 09:43:50,808 |- DEBUG [http-nio-80-exec-6] com.dili.uap.dao.MenuMapper.getMenuDetailByUrl [159] -| <==      Total: 0
[uap-dev] 2020-04-09 09:43:50,811 |- WARN  [http-nio-80-exec-10] com.dili.ss.retrofitful.aop.service.impl.RestfulServiceImpl [294] -| 远程调用返回值建议使用BaseOutput!
[uap-dev] 2020-04-09 09:43:50,816 |- DEBUG [http-nio-80-exec-5] com.dili.uap.dao.SystemExceptionLogMapper.insertSelective [159] -| ==>  Preparing: INSERT INTO `system_exception_log` ( `exception_time`,`id`,`ip`,`msg`,`type` ) VALUES( ?,?,?,?,? ) 
[uap-dev] 2020-04-09 09:43:50,817 |- DEBUG [http-nio-80-exec-5] com.dili.uap.dao.SystemExceptionLogMapper.insertSelective [159] -| ==> Parameters: 2020-04-09 09:43:50.0(Timestamp), null, 127.0.0.1(String), 用户未登录,url:http://uap.diligrp.com/uapError/noLogin.do(String), 2000(String)
[uap-dev] 2020-04-09 09:43:50,818 |- DEBUG [http-nio-80-exec-5] com.dili.uap.dao.SystemExceptionLogMapper.insertSelective [159] -| <==    Updates: 1
[uap-dev] 2020-04-09 09:43:50,820 |- DEBUG [http-nio-80-exec-5] com.dili.uap.dao.SystemExceptionLogMapper.insertSelective!selectKey [159] -| ==>  Executing: SELECT LAST_INSERT_ID() 
[uap-dev] 2020-04-09 09:43:50,822 |- DEBUG [http-nio-80-exec-5] com.dili.uap.dao.SystemExceptionLogMapper.insertSelective!selectKey [159] -| <==      Total: 1
[uap-dev] 2020-04-09 09:43:51,353 |- INFO  [SpringContextShutdownHook] org.springframework.amqp.rabbit.listener.SimpleMessageListenerContainer [643] -| Successfully waited for workers to finish.
[uap-dev] 2020-04-09 09:43:51,366 |- INFO  [SpringContextShutdownHook] org.springframework.amqp.rabbit.listener.SimpleMessageListenerContainer [640] -| Waiting for workers to finish.
[uap-dev] 2020-04-09 09:43:52,354 |- INFO  [SpringContextShutdownHook] org.springframework.amqp.rabbit.listener.SimpleMessageListenerContainer [643] -| Successfully waited for workers to finish.
[uap-dev] 2020-04-09 09:43:52,375 |- INFO  [SpringContextShutdownHook] org.springframework.amqp.rabbit.listener.SimpleMessageListenerContainer [1231] -| Shutdown ignored - container is not active already
[uap-dev] 2020-04-09 09:43:52,375 |- INFO  [SpringContextShutdownHook] org.springframework.amqp.rabbit.listener.SimpleMessageListenerContainer [1231] -| Shutdown ignored - container is not active already
[uap-dev] 2020-04-09 09:43:52,375 |- INFO  [SpringContextShutdownHook] org.springframework.scheduling.concurrent.ThreadPoolTaskExecutor [208] -| Shutting down ExecutorService 'applicationTaskExecutor'
[uap-dev] 2020-04-09 09:43:52,384 |- INFO  [SpringContextShutdownHook] com.alibaba.druid.pool.DruidDataSource [1948] -| {dataSource-1} closing ...
[uap-dev] 2020-04-09 09:43:52,391 |- INFO  [SpringContextShutdownHook] com.alibaba.druid.pool.DruidDataSource [2020] -| {dataSource-1} closed
